2017-09-24 16:24:15.968 [32m INFO[0;39m [33m[trace-1,,,][0;39m 137704 --- [main] com.spring.TraceStream1Application       : No active profile set, falling back to default profiles: default
2017-09-24 16:24:15.968 [32m INFO[0;39m [33m[trace-1,,,][0;39m 137704 --- [main] ationConfigEmbeddedWebApplicationContext : Refreshing org.springframework.boot.context.embedded.AnnotationConfigEmbeddedWebApplicationContext@77102b91: startup date [Sun Sep 24 16:24:15 CST 2017]; parent: org.springframework.context.annotation.AnnotationConfigApplicationContext@1fa268de
2017-09-24 16:24:16.852 [32m INFO[0;39m [33m[trace-1,,,][0;39m 137704 --- [main] o.s.b.f.config.PropertiesFactoryBean     : Loading properties file from URL [jar:file:/D:/maven/loozb/org/springframework/integration/spring-integration-core/4.2.9.RELEASE/spring-integration-core-4.2.9.RELEASE.jar!/META-INF/spring.integration.default.properties]
2017-09-24 16:24:16.856 [32m INFO[0;39m [33m[trace-1,,,][0;39m 137704 --- [main] o.s.i.config.IntegrationRegistrar        : No bean named 'integrationHeaderChannelRegistry' has been explicitly defined. Therefore, a default DefaultHeaderChannelRegistry will be created.
2017-09-24 16:24:17.068 [33m WARN[0;39m [33m[trace-1,,,][0;39m 137704 --- [main] o.s.c.a.ConfigurationClassPostProcessor  : Cannot enhance @Configuration bean definition 'refreshScope' since its singleton instance has been created too early. The typical cause is a non-static @Bean method with a BeanDefinitionRegistryPostProcessor return type: Consider declaring such methods as 'static'.
2017-09-24 16:24:17.240 [32m INFO[0;39m [33m[trace-1,,,][0;39m 137704 --- [main] o.s.cloud.context.scope.GenericScope     : BeanFactory id=4f97d9a8-38a4-30d1-8b0a-cda1daa4dfad
2017-09-24 16:24:17.254 [32m INFO[0;39m [33m[trace-1,,,][0;39m 137704 --- [main] faultConfiguringBeanFactoryPostProcessor : No bean named 'errorChannel' has been explicitly defined. Therefore, a default PublishSubscribeChannel will be created.
2017-09-24 16:24:17.256 [32m INFO[0;39m [33m[trace-1,,,][0;39m 137704 --- [main] faultConfiguringBeanFactoryPostProcessor : No bean named 'taskScheduler' has been explicitly defined. Therefore, a default ThreadPoolTaskScheduler will be created.
2017-09-24 16:24:17.268 [32m INFO[0;39m [33m[trace-1,,,][0;39m 137704 --- [main] f.a.AutowiredAnnotationBeanPostProcessor : JSR-330 'javax.inject.Inject' annotation found and supported for autowiring
2017-09-24 16:24:17.274 [32m INFO[0;39m [33m[trace-1,,,][0;39m 137704 --- [main] trationDelegate$BeanPostProcessorChecker : Bean 'org.springframework.amqp.rabbit.annotation.RabbitBootstrapConfiguration' of type [class org.springframework.amqp.rabbit.annotation.RabbitBootstrapConfiguration$$EnhancerBySpringCGLIB$$19ed1d5e] is not eligible for getting processed by all BeanPostProcessors (for example: not eligible for auto-proxying)
2017-09-24 16:24:17.340 [32m INFO[0;39m [33m[trace-1,,,][0;39m 137704 --- [main] trationDelegate$BeanPostProcessorChecker : Bean 'org.springframework.cloud.sleuth.instrument.async.AsyncDefaultAutoConfiguration$DefaultAsyncConfigurerSupport' of type [class org.springframework.cloud.sleuth.instrument.async.AsyncDefaultAutoConfiguration$DefaultAsyncConfigurerSupport$$EnhancerBySpringCGLIB$$90c2fcf3] is not eligible for getting processed by all BeanPostProcessors (for example: not eligible for auto-proxying)
2017-09-24 16:24:17.665 [32m INFO[0;39m [33m[trace-1,,,][0;39m 137704 --- [main] trationDelegate$BeanPostProcessorChecker : Bean 'org.springframework.cloud.stream.config.ChannelBindingServiceConfiguration$PostProcessorConfiguration' of type [class org.springframework.cloud.stream.config.ChannelBindingServiceConfiguration$PostProcessorConfiguration$$EnhancerBySpringCGLIB$$4b4bf7bc] is not eligible for getting processed by all BeanPostProcessors (for example: not eligible for auto-proxying)
2017-09-24 16:24:17.777 [32m INFO[0;39m [33m[trace-1,,,][0;39m 137704 --- [main] trationDelegate$BeanPostProcessorChecker : Bean 'org.springframework.cloud.netflix.metrics.MetricsInterceptorConfiguration$MetricsRestTemplateConfiguration' of type [class org.springframework.cloud.netflix.metrics.MetricsInterceptorConfiguration$MetricsRestTemplateConfiguration$$EnhancerBySpringCGLIB$$85ae0571] is not eligible for getting processed by all BeanPostProcessors (for example: not eligible for auto-proxying)
2017-09-24 16:24:17.797 [32m INFO[0;39m [33m[trace-1,,,][0;39m 137704 --- [main] trationDelegate$BeanPostProcessorChecker : Bean 'org.springframework.cloud.autoconfigure.ConfigurationPropertiesRebinderAutoConfiguration' of type [class org.springframework.cloud.autoconfigure.ConfigurationPropertiesRebinderAutoConfiguration$$EnhancerBySpringCGLIB$$6f9b622d] is not eligible for getting processed by all BeanPostProcessors (for example: not eligible for auto-proxying)
2017-09-24 16:24:17.813 [32m INFO[0;39m [33m[trace-1,,,][0;39m 137704 --- [main] trationDelegate$BeanPostProcessorChecker : Bean 'org.springframework.cloud.autoconfigure.RefreshEndpointAutoConfiguration' of type [class org.springframework.cloud.autoconfigure.RefreshEndpointAutoConfiguration$$EnhancerBySpringCGLIB$$18fa6423] is not eligible for getting processed by all BeanPostProcessors (for example: not eligible for auto-proxying)
2017-09-24 16:24:18.512 [32m INFO[0;39m [33m[trace-1,,,][0;39m 137704 --- [main] s.b.c.e.t.TomcatEmbeddedServletContainer : Tomcat initialized with port(s): 9101 (http)
2017-09-24 16:24:18.527 [32m INFO[0;39m [33m[trace-1,,,][0;39m 137704 --- [main] o.apache.catalina.core.StandardService   : Starting service Tomcat
2017-09-24 16:24:18.529 [32m INFO[0;39m [33m[trace-1,,,][0;39m 137704 --- [main] org.apache.catalina.core.StandardEngine  : Starting Servlet Engine: Apache Tomcat/8.0.36
2017-09-24 16:24:18.797 [32m INFO[0;39m [33m[trace-1,,,][0;39m 137704 --- [localhost-startStop-1] o.a.c.c.C.[Tomcat].[localhost].[/]       : Initializing Spring embedded WebApplicationContext
2017-09-24 16:24:18.798 [32m INFO[0;39m [33m[trace-1,,,][0;39m 137704 --- [localhost-startStop-1] o.s.web.context.ContextLoader            : Root WebApplicationContext: initialization completed in 2829 ms
2017-09-24 16:24:20.396 [32m INFO[0;39m [33m[trace-1,,,][0;39m 137704 --- [localhost-startStop-1] o.s.cloud.commons.util.InetUtils         : Cannot determine local hostname
2017-09-24 16:24:21.222 [32m INFO[0;39m [33m[trace-1,,,][0;39m 137704 --- [localhost-startStop-1] o.s.b.f.config.PropertiesFactoryBean     : Loading properties file from URL [jar:file:/D:/maven/loozb/org/springframework/integration/spring-integration-core/4.2.9.RELEASE/spring-integration-core-4.2.9.RELEASE.jar!/META-INF/spring.integration.default.properties]
2017-09-24 16:24:21.854 [32m INFO[0;39m [33m[trace-1,,,][0;39m 137704 --- [localhost-startStop-1] o.s.b.c.embedded.FilterRegistrationBean  : Mapping filter: 'metricFilter' to: [/*]
2017-09-24 16:24:21.854 [32m INFO[0;39m [33m[trace-1,,,][0;39m 137704 --- [localhost-startStop-1] o.s.b.c.embedded.FilterRegistrationBean  : Mapping filter: 'characterEncodingFilter' to: [/*]
2017-09-24 16:24:21.854 [32m INFO[0;39m [33m[trace-1,,,][0;39m 137704 --- [localhost-startStop-1] o.s.b.c.embedded.FilterRegistrationBean  : Mapping filter: 'traceFilter' to: [/*]
2017-09-24 16:24:21.854 [32m INFO[0;39m [33m[trace-1,,,][0;39m 137704 --- [localhost-startStop-1] o.s.b.c.embedded.FilterRegistrationBean  : Mapping filter: 'hiddenHttpMethodFilter' to: [/*]
2017-09-24 16:24:21.854 [32m INFO[0;39m [33m[trace-1,,,][0;39m 137704 --- [localhost-startStop-1] o.s.b.c.embedded.FilterRegistrationBean  : Mapping filter: 'httpPutFormContentFilter' to: [/*]
2017-09-24 16:24:21.855 [32m INFO[0;39m [33m[trace-1,,,][0;39m 137704 --- [localhost-startStop-1] o.s.b.c.embedded.FilterRegistrationBean  : Mapping filter: 'requestContextFilter' to: [/*]
2017-09-24 16:24:21.855 [32m INFO[0;39m [33m[trace-1,,,][0;39m 137704 --- [localhost-startStop-1] o.s.b.c.embedded.FilterRegistrationBean  : Mapping filter: 'webRequestLoggingFilter' to: [/*]
2017-09-24 16:24:21.855 [32m INFO[0;39m [33m[trace-1,,,][0;39m 137704 --- [localhost-startStop-1] o.s.b.c.embedded.FilterRegistrationBean  : Mapping filter: 'applicationContextIdFilter' to: [/*]
2017-09-24 16:24:21.855 [32m INFO[0;39m [33m[trace-1,,,][0;39m 137704 --- [localhost-startStop-1] o.s.b.c.e.ServletRegistrationBean        : Mapping servlet: 'dispatcherServlet' to [/]
2017-09-24 16:24:22.572 [32m INFO[0;39m [33m[trace-1,,,][0;39m 137704 --- [main] s.w.s.m.m.a.RequestMappingHandlerAdapter : Looking for @ControllerAdvice: org.springframework.boot.context.embedded.AnnotationConfigEmbeddedWebApplicationContext@77102b91: startup date [Sun Sep 24 16:24:15 CST 2017]; parent: org.springframework.context.annotation.AnnotationConfigApplicationContext@1fa268de
2017-09-24 16:24:22.710 [32m INFO[0;39m [33m[trace-1,,,][0;39m 137704 --- [main] s.w.s.m.m.a.RequestMappingHandlerMapping : Mapped "{[/trace-1],methods=[GET]}" onto public java.lang.String com.spring.TraceStream1Application.trace()
2017-09-24 16:24:22.716 [32m INFO[0;39m [33m[trace-1,,,][0;39m 137704 --- [main] s.w.s.m.m.a.RequestMappingHandlerMapping : Mapped "{[/error]}" onto public org.springframework.http.ResponseEntity<java.util.Map<java.lang.String, java.lang.Object>> org.springframework.boot.autoconfigure.web.BasicErrorController.error(javax.servlet.http.HttpServletRequest)
2017-09-24 16:24:22.716 [32m INFO[0;39m [33m[trace-1,,,][0;39m 137704 --- [main] s.w.s.m.m.a.RequestMappingHandlerMapping : Mapped "{[/error],produces=[text/html]}" onto public org.springframework.web.servlet.ModelAndView org.springframework.boot.autoconfigure.web.BasicErrorController.errorHtml(javax.servlet.http.HttpServletRequest,javax.servlet.http.HttpServletResponse)
2017-09-24 16:24:22.822 [32m INFO[0;39m [33m[trace-1,,,][0;39m 137704 --- [main] o.s.w.s.handler.SimpleUrlHandlerMapping  : Mapped URL path [/webjars/**] onto handler of type [class org.springframework.web.servlet.resource.ResourceHttpRequestHandler]
2017-09-24 16:24:22.822 [32m INFO[0;39m [33m[trace-1,,,][0;39m 137704 --- [main] o.s.w.s.handler.SimpleUrlHandlerMapping  : Mapped URL path [/**] onto handler of type [class org.springframework.web.servlet.resource.ResourceHttpRequestHandler]
2017-09-24 16:24:22.883 [32m INFO[0;39m [33m[trace-1,,,][0;39m 137704 --- [main] o.s.w.s.handler.SimpleUrlHandlerMapping  : Mapped URL path [/**/favicon.ico] onto handler of type [class org.springframework.web.servlet.resource.ResourceHttpRequestHandler]
2017-09-24 16:24:23.626 [32m INFO[0;39m [33m[trace-1,,,][0;39m 137704 --- [main] o.s.s.c.ThreadPoolTaskScheduler          : Initializing ExecutorService  'taskScheduler'
2017-09-24 16:24:24.250 [32m INFO[0;39m [33m[trace-1,,,][0;39m 137704 --- [main] o.s.b.a.e.mvc.EndpointHandlerMapping     : Mapped "{[/health || /health.json],produces=[application/json]}" onto public java.lang.Object org.springframework.boot.actuate.endpoint.mvc.HealthMvcEndpoint.invoke(java.security.Principal)
2017-09-24 16:24:24.251 [32m INFO[0;39m [33m[trace-1,,,][0;39m 137704 --- [main] o.s.b.a.e.mvc.EndpointHandlerMapping     : Mapped "{[/resume || /resume.json],methods=[POST]}" onto public java.lang.Object org.springframework.cloud.endpoint.GenericPostableMvcEndpoint.invoke()
2017-09-24 16:24:24.251 [32m INFO[0;39m [33m[trace-1,,,][0;39m 137704 --- [main] o.s.b.a.e.mvc.EndpointHandlerMapping     : Mapped "{[/refresh || /refresh.json],methods=[POST]}" onto public java.lang.Object org.springframework.cloud.endpoint.GenericPostableMvcEndpoint.invoke()
2017-09-24 16:24:24.252 [32m INFO[0;39m [33m[trace-1,,,][0;39m 137704 --- [main] o.s.b.a.e.mvc.EndpointHandlerMapping     : Mapped "{[/restart || /restart.json],methods=[POST]}" onto public java.lang.Object org.springframework.cloud.context.restart.RestartMvcEndpoint.invoke()
2017-09-24 16:24:24.254 [32m INFO[0;39m [33m[trace-1,,,][0;39m 137704 --- [main] o.s.b.a.e.mvc.EndpointHandlerMapping     : Mapped "{[/trace || /trace.json],methods=[GET],produces=[application/json]}" onto public java.lang.Object org.springframework.boot.actuate.endpoint.mvc.EndpointMvcAdapter.invoke()
2017-09-24 16:24:24.254 [32m INFO[0;39m [33m[trace-1,,,][0;39m 137704 --- [main] o.s.b.a.e.mvc.EndpointHandlerMapping     : Mapped "{[/logfile || /logfile.json],methods=[GET || HEAD]}" onto public void org.springframework.boot.actuate.endpoint.mvc.LogFileMvcEndpoint.invoke(javax.servlet.http.HttpServletRequest,javax.servlet.http.HttpServletResponse) throws javax.servlet.ServletException,java.io.IOException
2017-09-24 16:24:24.255 [32m INFO[0;39m [33m[trace-1,,,][0;39m 137704 --- [main] o.s.b.a.e.mvc.EndpointHandlerMapping     : Mapped "{[/info || /info.json],methods=[GET],produces=[application/json]}" onto public java.lang.Object org.springframework.boot.actuate.endpoint.mvc.EndpointMvcAdapter.invoke()
2017-09-24 16:24:24.255 [32m INFO[0;39m [33m[trace-1,,,][0;39m 137704 --- [main] o.s.b.a.e.mvc.EndpointHandlerMapping     : Mapped "{[/metrics/{name:.*}],methods=[GET],produces=[application/json]}" onto public java.lang.Object org.springframework.boot.actuate.endpoint.mvc.MetricsMvcEndpoint.value(java.lang.String)
2017-09-24 16:24:24.255 [32m INFO[0;39m [33m[trace-1,,,][0;39m 137704 --- [main] o.s.b.a.e.mvc.EndpointHandlerMapping     : Mapped "{[/metrics || /metrics.json],methods=[GET],produces=[application/json]}" onto public java.lang.Object org.springframework.boot.actuate.endpoint.mvc.EndpointMvcAdapter.invoke()
2017-09-24 16:24:24.256 [32m INFO[0;39m [33m[trace-1,,,][0;39m 137704 --- [main] o.s.b.a.e.mvc.EndpointHandlerMapping     : Mapped "{[/archaius || /archaius.json],methods=[GET],produces=[application/json]}" onto public java.lang.Object org.springframework.boot.actuate.endpoint.mvc.EndpointMvcAdapter.invoke()
2017-09-24 16:24:24.256 [32m INFO[0;39m [33m[trace-1,,,][0;39m 137704 --- [main] o.s.b.a.e.mvc.EndpointHandlerMapping     : Mapped "{[/dump || /dump.json],methods=[GET],produces=[application/json]}" onto public java.lang.Object org.springframework.boot.actuate.endpoint.mvc.EndpointMvcAdapter.invoke()
2017-09-24 16:24:24.257 [32m INFO[0;39m [33m[trace-1,,,][0;39m 137704 --- [main] o.s.b.a.e.mvc.EndpointHandlerMapping     : Mapped "{[/channels || /channels.json],methods=[GET],produces=[application/json]}" onto public java.lang.Object org.springframework.boot.actuate.endpoint.mvc.EndpointMvcAdapter.invoke()
2017-09-24 16:24:24.257 [32m INFO[0;39m [33m[trace-1,,,][0;39m 137704 --- [main] o.s.b.a.e.mvc.EndpointHandlerMapping     : Mapped "{[/mappings || /mappings.json],methods=[GET],produces=[application/json]}" onto public java.lang.Object org.springframework.boot.actuate.endpoint.mvc.EndpointMvcAdapter.invoke()
2017-09-24 16:24:24.258 [32m INFO[0;39m [33m[trace-1,,,][0;39m 137704 --- [main] o.s.b.a.e.mvc.EndpointHandlerMapping     : Mapped "{[/env/{name:.*}],methods=[GET],produces=[application/json]}" onto public java.lang.Object org.springframework.boot.actuate.endpoint.mvc.EnvironmentMvcEndpoint.value(java.lang.String)
2017-09-24 16:24:24.259 [32m INFO[0;39m [33m[trace-1,,,][0;39m 137704 --- [main] o.s.b.a.e.mvc.EndpointHandlerMapping     : Mapped "{[/env || /env.json],methods=[GET],produces=[application/json]}" onto public java.lang.Object org.springframework.boot.actuate.endpoint.mvc.EndpointMvcAdapter.invoke()
2017-09-24 16:24:24.259 [32m INFO[0;39m [33m[trace-1,,,][0;39m 137704 --- [main] o.s.b.a.e.mvc.EndpointHandlerMapping     : Mapped "{[/pause || /pause.json],methods=[POST]}" onto public java.lang.Object org.springframework.cloud.endpoint.GenericPostableMvcEndpoint.invoke()
2017-09-24 16:24:24.260 [32m INFO[0;39m [33m[trace-1,,,][0;39m 137704 --- [main] o.s.b.a.e.mvc.EndpointHandlerMapping     : Mapped "{[/features || /features.json],methods=[GET],produces=[application/json]}" onto public java.lang.Object org.springframework.boot.actuate.endpoint.mvc.EndpointMvcAdapter.invoke()
2017-09-24 16:24:24.260 [32m INFO[0;39m [33m[trace-1,,,][0;39m 137704 --- [main] o.s.b.a.e.mvc.EndpointHandlerMapping     : Mapped "{[/configprops || /configprops.json],methods=[GET],produces=[application/json]}" onto public java.lang.Object org.springframework.boot.actuate.endpoint.mvc.EndpointMvcAdapter.invoke()
2017-09-24 16:24:24.261 [32m INFO[0;39m [33m[trace-1,,,][0;39m 137704 --- [main] o.s.b.a.e.mvc.EndpointHandlerMapping     : Mapped "{[/env],methods=[POST]}" onto public java.lang.Object org.springframework.cloud.context.environment.EnvironmentManagerMvcEndpoint.value(java.util.Map<java.lang.String, java.lang.String>)
2017-09-24 16:24:24.261 [32m INFO[0;39m [33m[trace-1,,,][0;39m 137704 --- [main] o.s.b.a.e.mvc.EndpointHandlerMapping     : Mapped "{[/env/reset],methods=[POST]}" onto public java.util.Map<java.lang.String, java.lang.Object> org.springframework.cloud.context.environment.EnvironmentManagerMvcEndpoint.reset()
2017-09-24 16:24:24.261 [32m INFO[0;39m [33m[trace-1,,,][0;39m 137704 --- [main] o.s.b.a.e.mvc.EndpointHandlerMapping     : Mapped "{[/autoconfig || /autoconfig.json],methods=[GET],produces=[application/json]}" onto public java.lang.Object org.springframework.boot.actuate.endpoint.mvc.EndpointMvcAdapter.invoke()
2017-09-24 16:24:24.261 [32m INFO[0;39m [33m[trace-1,,,][0;39m 137704 --- [main] o.s.b.a.e.mvc.EndpointHandlerMapping     : Mapped "{[/beans || /beans.json],methods=[GET],produces=[application/json]}" onto public java.lang.Object org.springframework.boot.actuate.endpoint.mvc.EndpointMvcAdapter.invoke()
2017-09-24 16:24:24.399 [33m WARN[0;39m [33m[trace-1,,,][0;39m 137704 --- [main] c.n.c.sources.URLConfigurationSource     : No URLs will be polled as dynamic configuration sources.
2017-09-24 16:24:24.400 [32m INFO[0;39m [33m[trace-1,,,][0;39m 137704 --- [main] c.n.c.sources.URLConfigurationSource     : To enable URLs as dynamic configuration sources, define System property archaius.configurationSource.additionalUrls or make config.properties available on classpath.
2017-09-24 16:24:24.405 [33m WARN[0;39m [33m[trace-1,,,][0;39m 137704 --- [main] c.n.c.sources.URLConfigurationSource     : No URLs will be polled as dynamic configuration sources.
2017-09-24 16:24:24.405 [32m INFO[0;39m [33m[trace-1,,,][0;39m 137704 --- [main] c.n.c.sources.URLConfigurationSource     : To enable URLs as dynamic configuration sources, define System property archaius.configurationSource.additionalUrls or make config.properties available on classpath.
2017-09-24 16:24:24.681 [32m INFO[0;39m [33m[trace-1,,,][0;39m 137704 --- [main] o.s.s.c.ThreadPoolTaskScheduler          : Initializing ExecutorService 
2017-09-24 16:24:24.880 [32m INFO[0;39m [33m[trace-1,,,][0;39m 137704 --- [main] o.s.i.codec.kryo.CompositeKryoRegistrar  : configured Kryo registration [40, java.io.File] with serializer org.springframework.integration.codec.kryo.FileSerializer
2017-09-24 16:24:25.153 [32m INFO[0;39m [33m[trace-1,,,][0;39m 137704 --- [main] o.s.j.e.a.AnnotationMBeanExporter        : Registering beans for JMX exposure on startup
2017-09-24 16:24:25.172 [32m INFO[0;39m [33m[trace-1,,,][0;39m 137704 --- [main] o.s.j.e.a.AnnotationMBeanExporter        : Bean with name 'refreshScope' has been autodetected for JMX exposure
2017-09-24 16:24:25.173 [32m INFO[0;39m [33m[trace-1,,,][0;39m 137704 --- [main] o.s.j.e.a.AnnotationMBeanExporter        : Bean with name 'environmentManager' has been autodetected for JMX exposure
2017-09-24 16:24:25.174 [32m INFO[0;39m [33m[trace-1,,,][0;39m 137704 --- [main] o.s.j.e.a.AnnotationMBeanExporter        : Bean with name 'integrationMbeanExporter' has been autodetected for JMX exposure
2017-09-24 16:24:25.175 [32m INFO[0;39m [33m[trace-1,,,][0;39m 137704 --- [main] o.s.j.e.a.AnnotationMBeanExporter        : Bean with name 'configurationPropertiesRebinder' has been autodetected for JMX exposure
2017-09-24 16:24:25.176 [32m INFO[0;39m [33m[trace-1,,,][0;39m 137704 --- [main] o.s.j.e.a.AnnotationMBeanExporter        : Bean with name 'refreshEndpoint' has been autodetected for JMX exposure
2017-09-24 16:24:25.176 [32m INFO[0;39m [33m[trace-1,,,][0;39m 137704 --- [main] o.s.j.e.a.AnnotationMBeanExporter        : Bean with name 'restartEndpoint' has been autodetected for JMX exposure
2017-09-24 16:24:25.179 [32m INFO[0;39m [33m[trace-1,,,][0;39m 137704 --- [main] o.s.j.e.a.AnnotationMBeanExporter        : Located managed bean 'environmentManager': registering with JMX server as MBean [org.springframework.cloud.context.environment:name=environmentManager,type=EnvironmentManager]
2017-09-24 16:24:25.192 [32m INFO[0;39m [33m[trace-1,,,][0;39m 137704 --- [main] o.s.j.e.a.AnnotationMBeanExporter        : Located managed bean 'restartEndpoint': registering with JMX server as MBean [org.springframework.cloud.context.restart:name=restartEndpoint,type=RestartEndpoint]
2017-09-24 16:24:25.208 [32m INFO[0;39m [33m[trace-1,,,][0;39m 137704 --- [main] o.s.j.e.a.AnnotationMBeanExporter        : Located managed bean 'refreshScope': registering with JMX server as MBean [org.springframework.cloud.context.scope.refresh:name=refreshScope,type=RefreshScope]
2017-09-24 16:24:25.240 [32m INFO[0;39m [33m[trace-1,,,][0;39m 137704 --- [main] o.s.j.e.a.AnnotationMBeanExporter        : Located managed bean 'integrationMbeanExporter': registering with JMX server as MBean [org.springframework.integration.monitor:name=integrationMbeanExporter,type=IntegrationMBeanExporter]
2017-09-24 16:24:25.260 [32m INFO[0;39m [33m[trace-1,,,][0;39m 137704 --- [main] o.s.j.e.a.AnnotationMBeanExporter        : Located managed bean 'configurationPropertiesRebinder': registering with JMX server as MBean [org.springframework.cloud.context.properties:name=configurationPropertiesRebinder,context=77102b91,type=ConfigurationPropertiesRebinder]
2017-09-24 16:24:25.263 [32m INFO[0;39m [33m[trace-1,,,][0;39m 137704 --- [main] o.s.j.e.a.AnnotationMBeanExporter        : Located managed bean 'refreshEndpoint': registering with JMX server as MBean [org.springframework.cloud.endpoint:name=refreshEndpoint,type=RefreshEndpoint]
2017-09-24 16:24:25.266 [32m INFO[0;39m [33m[trace-1,,,][0;39m 137704 --- [main] o.s.i.monitor.IntegrationMBeanExporter   : Registering beans for JMX exposure on startup
2017-09-24 16:24:25.267 [32m INFO[0;39m [33m[trace-1,,,][0;39m 137704 --- [main] o.s.i.monitor.IntegrationMBeanExporter   : Registering MessageChannel errorChannel
2017-09-24 16:24:25.271 [32m INFO[0;39m [33m[trace-1,,,][0;39m 137704 --- [main] o.s.i.monitor.IntegrationMBeanExporter   : Located managed bean 'org.springframework.integration:type=MessageChannel,name=errorChannel': registering with JMX server as MBean [org.springframework.integration:type=MessageChannel,name=errorChannel]
2017-09-24 16:24:25.288 [32m INFO[0;39m [33m[trace-1,,,][0;39m 137704 --- [main] o.s.i.monitor.IntegrationMBeanExporter   : Registering MessageChannel sleuth
2017-09-24 16:24:25.289 [32m INFO[0;39m [33m[trace-1,,,][0;39m 137704 --- [main] o.s.i.monitor.IntegrationMBeanExporter   : Located managed bean 'org.springframework.integration:type=MessageChannel,name=sleuth': registering with JMX server as MBean [org.springframework.integration:type=MessageChannel,name=sleuth]
2017-09-24 16:24:25.296 [32m INFO[0;39m [33m[trace-1,,,][0;39m 137704 --- [main] o.s.i.monitor.IntegrationMBeanExporter   : Registering MessageChannel nullChannel
2017-09-24 16:24:25.297 [32m INFO[0;39m [33m[trace-1,,,][0;39m 137704 --- [main] o.s.i.monitor.IntegrationMBeanExporter   : Located managed bean 'org.springframework.integration:type=MessageChannel,name=nullChannel': registering with JMX server as MBean [org.springframework.integration:type=MessageChannel,name=nullChannel]
2017-09-24 16:24:25.323 [32m INFO[0;39m [33m[trace-1,,,][0;39m 137704 --- [main] o.s.i.monitor.IntegrationMBeanExporter   : Located managed bean 'org.springframework.integration:type=MessageHandler,name=errorLogger,bean=internal': registering with JMX server as MBean [org.springframework.integration:type=MessageHandler,name=errorLogger,bean=internal]
2017-09-24 16:24:25.344 [32m INFO[0;39m [33m[trace-1,,,][0;39m 137704 --- [main] o.s.i.monitor.IntegrationMBeanExporter   : Located managed bean 'org.springframework.integration:type=MessageSource,name=sleuthStreamSpanReporter.poll.inboundChannelAdapter,bean=endpoint': registering with JMX server as MBean [org.springframework.integration:type=MessageSource,name=sleuthStreamSpanReporter.poll.inboundChannelAdapter,bean=endpoint]
2017-09-24 16:24:25.622 [32m INFO[0;39m [33m[trace-1,,,][0;39m 137704 --- [main] o.s.c.support.DefaultLifecycleProcessor  : Starting beans in phase -2147482648
2017-09-24 16:24:26.784 [32m INFO[0;39m [33m[trace-1,,,][0;39m 137704 --- [main] s.c.a.AnnotationConfigApplicationContext : Refreshing org.springframework.context.annotation.AnnotationConfigApplicationContext@3cc74fc4: startup date [Sun Sep 24 16:24:26 CST 2017]; root of context hierarchy
2017-09-24 16:24:26.784 [32m INFO[0;39m [33m[trace-1,,,][0;39m 137704 --- [main] f.a.AutowiredAnnotationBeanPostProcessor : JSR-330 'javax.inject.Inject' annotation found and supported for autowiring
2017-09-24 16:24:26.784 [32m INFO[0;39m [33m[trace-1,,,][0;39m 137704 --- [main] trationDelegate$BeanPostProcessorChecker : Bean 'configurationPropertiesRebinderAutoConfiguration' of type [class org.springframework.cloud.autoconfigure.ConfigurationPropertiesRebinderAutoConfiguration$$EnhancerBySpringCGLIB$$6f9b622d] is not eligible for getting processed by all BeanPostProcessors (for example: not eligible for auto-proxying)
2017-09-24 16:24:27.911 [32m INFO[0;39m [33m[trace-1,,,][0;39m 137704 --- [main] o.s.cloud.commons.util.InetUtils         : Cannot determine local hostname
2017-09-24 16:24:27.933 [32m INFO[0;39m [33m[trace-1,,,][0;39m 137704 --- [main] com.spring.TraceStream1Application       : No active profile set, falling back to default profiles: default
2017-09-24 16:24:27.933 [32m INFO[0;39m [33m[trace-1,,,][0;39m 137704 --- [main] s.c.a.AnnotationConfigApplicationContext : Refreshing org.springframework.context.annotation.AnnotationConfigApplicationContext@21ffc00e: startup date [Sun Sep 24 16:24:27 CST 2017]; parent: org.springframework.boot.context.embedded.AnnotationConfigEmbeddedWebApplicationContext@77102b91
2017-09-24 16:24:27.961 [32m INFO[0;39m [33m[trace-1,,,][0;39m 137704 --- [main] f.a.AutowiredAnnotationBeanPostProcessor : JSR-330 'javax.inject.Inject' annotation found and supported for autowiring
2017-09-24 16:24:28.012 [32m INFO[0;39m [33m[trace-1,,,][0;39m 137704 --- [main] o.s.c.support.GenericApplicationContext  : Refreshing org.springframework.context.support.GenericApplicationContext@72a0a60d: startup date [Sun Sep 24 16:24:28 CST 2017]; root of context hierarchy
2017-09-24 16:24:28.057 [32m INFO[0;39m [33m[trace-1,,,][0;39m 137704 --- [main] com.spring.TraceStream1Application       : Started TraceStream1Application in 2.416 seconds (JVM running for 16.443)
2017-09-24 16:24:28.172 [32m INFO[0;39m [33m[trace-1,,,][0;39m 137704 --- [main] o.s.a.r.c.CachingConnectionFactory       : Created new connection: SimpleConnection@5487a8f1 [delegate=amqp://springcloud@127.0.0.1:5672/]
2017-09-24 16:24:28.213 [32m INFO[0;39m [33m[trace-1,,,][0;39m 137704 --- [main] o.s.i.endpoint.EventDrivenConsumer       : Adding {message-handler:outbound.sleuth} as a subscriber to the 'sleuth' channel
2017-09-24 16:24:28.215 [32m INFO[0;39m [33m[trace-1,,,][0;39m 137704 --- [main] o.s.integration.channel.DirectChannel    : Channel 'trace-1:9101.sleuth' has 1 subscriber(s).
2017-09-24 16:24:28.216 [32m INFO[0;39m [33m[trace-1,,,][0;39m 137704 --- [main] o.s.i.endpoint.EventDrivenConsumer       : started outbound.sleuth
2017-09-24 16:24:28.217 [32m INFO[0;39m [33m[trace-1,,,][0;39m 137704 --- [main] o.s.c.support.DefaultLifecycleProcessor  : Starting beans in phase -2147482648
2017-09-24 16:24:28.217 [32m INFO[0;39m [33m[trace-1,,,][0;39m 137704 --- [main] o.s.c.support.DefaultLifecycleProcessor  : Starting beans in phase 0
2017-09-24 16:24:28.226 [32m INFO[0;39m [33m[trace-1,,,][0;39m 137704 --- [main] o.s.c.n.eureka.InstanceInfoFactory       : Setting initial instance status as: STARTING
2017-09-24 16:24:28.403 [32m INFO[0;39m [33m[trace-1,,,][0;39m 137704 --- [main] c.n.d.provider.DiscoveryJerseyProvider   : Using JSON encoding codec LegacyJacksonJson
2017-09-24 16:24:28.404 [32m INFO[0;39m [33m[trace-1,,,][0;39m 137704 --- [main] c.n.d.provider.DiscoveryJerseyProvider   : Using JSON decoding codec LegacyJacksonJson
2017-09-24 16:24:28.502 [32m INFO[0;39m [33m[trace-1,,,][0;39m 137704 --- [main] c.n.d.provider.DiscoveryJerseyProvider   : Using XML encoding codec XStreamXml
2017-09-24 16:24:28.503 [32m INFO[0;39m [33m[trace-1,,,][0;39m 137704 --- [main] c.n.d.provider.DiscoveryJerseyProvider   : Using XML decoding codec XStreamXml
2017-09-24 16:24:28.689 [32m INFO[0;39m [33m[trace-1,,,][0;39m 137704 --- [main] c.n.d.s.r.aws.ConfigClusterResolver      : Resolving eureka endpoints via configuration
2017-09-24 16:24:28.776 [32m INFO[0;39m [33m[trace-1,,,][0;39m 137704 --- [main] com.netflix.discovery.DiscoveryClient    : Disable delta property : false
2017-09-24 16:24:28.776 [32m INFO[0;39m [33m[trace-1,,,][0;39m 137704 --- [main] com.netflix.discovery.DiscoveryClient    : Single vip registry refresh property : null
2017-09-24 16:24:28.777 [32m INFO[0;39m [33m[trace-1,,,][0;39m 137704 --- [main] com.netflix.discovery.DiscoveryClient    : Force full registry fetch : false
2017-09-24 16:24:28.777 [32m INFO[0;39m [33m[trace-1,,,][0;39m 137704 --- [main] com.netflix.discovery.DiscoveryClient    : Application is null : false
2017-09-24 16:24:28.777 [32m INFO[0;39m [33m[trace-1,,,][0;39m 137704 --- [main] com.netflix.discovery.DiscoveryClient    : Registered Applications size is zero : true
2017-09-24 16:24:28.777 [32m INFO[0;39m [33m[trace-1,,,][0;39m 137704 --- [main] com.netflix.discovery.DiscoveryClient    : Application version is -1: true
2017-09-24 16:24:28.778 [32m INFO[0;39m [33m[trace-1,,,][0;39m 137704 --- [main] com.netflix.discovery.DiscoveryClient    : Getting all instance registry info from the eureka server
2017-09-24 16:24:29.000 [32m INFO[0;39m [33m[trace-1,,,][0;39m 137704 --- [main] com.netflix.discovery.DiscoveryClient    : The response status is 200
2017-09-24 16:24:29.001 [32m INFO[0;39m [33m[trace-1,,,][0;39m 137704 --- [main] com.netflix.discovery.DiscoveryClient    : Starting heartbeat executor: renew interval is: 30
2017-09-24 16:24:29.003 [32m INFO[0;39m [33m[trace-1,,,][0;39m 137704 --- [main] c.n.discovery.InstanceInfoReplicator     : InstanceInfoReplicator onDemand update allowed rate per min is 4
2017-09-24 16:24:29.007 [32m INFO[0;39m [33m[trace-1,,,][0;39m 137704 --- [main] com.netflix.discovery.DiscoveryClient    : Discovery Client initialized at timestamp 1506241469007 with initial instances count: 1
2017-09-24 16:24:29.096 [32m INFO[0;39m [33m[trace-1,,,][0;39m 137704 --- [main] c.n.e.EurekaDiscoveryClientConfiguration : Registering application trace-1 with eureka with status UP
2017-09-24 16:24:29.097 [32m INFO[0;39m [33m[trace-1,,,][0;39m 137704 --- [main] com.netflix.discovery.DiscoveryClient    : Saw local status change event StatusChangeEvent [timestamp=1506241469097, current=UP, previous=STARTING]
2017-09-24 16:24:29.099 [32m INFO[0;39m [33m[trace-1,,,][0;39m 137704 --- [DiscoveryClient-InstanceInfoReplicator-0] com.netflix.discovery.DiscoveryClient    : DiscoveryClient_TRACE-1/localhost:trace-1:9101: registering service...
2017-09-24 16:24:29.147 [32m INFO[0;39m [33m[trace-1,,,][0;39m 137704 --- [DiscoveryClient-InstanceInfoReplicator-0] com.netflix.discovery.DiscoveryClient    : DiscoveryClient_TRACE-1/localhost:trace-1:9101 - registration status: 204
2017-09-24 16:24:29.156 [32m INFO[0;39m [33m[trace-1,,,][0;39m 137704 --- [main] o.s.i.endpoint.EventDrivenConsumer       : Adding {logging-channel-adapter:_org.springframework.integration.errorLogger} as a subscriber to the 'errorChannel' channel
2017-09-24 16:24:29.157 [32m INFO[0;39m [33m[trace-1,,,][0;39m 137704 --- [main] o.s.i.channel.PublishSubscribeChannel    : Channel 'trace-1:9101.errorChannel' has 1 subscriber(s).
2017-09-24 16:24:29.157 [32m INFO[0;39m [33m[trace-1,,,][0;39m 137704 --- [main] o.s.i.endpoint.EventDrivenConsumer       : started _org.springframework.integration.errorLogger
2017-09-24 16:24:29.159 [32m INFO[0;39m [33m[trace-1,,,][0;39m 137704 --- [main] o.s.i.e.SourcePollingChannelAdapter      : started sleuthStreamSpanReporter.poll.inboundChannelAdapter
2017-09-24 16:24:29.159 [32m INFO[0;39m [33m[trace-1,,,][0;39m 137704 --- [main] o.s.c.support.DefaultLifecycleProcessor  : Starting beans in phase 2147482647
2017-09-24 16:24:29.159 [32m INFO[0;39m [33m[trace-1,,,][0;39m 137704 --- [main] o.s.c.support.DefaultLifecycleProcessor  : Starting beans in phase 2147483647
2017-09-24 16:24:29.160 [32m INFO[0;39m [33m[trace-1,,,][0;39m 137704 --- [main] o.s.c.support.DefaultLifecycleProcessor  : Starting beans in phase 0
2017-09-24 16:24:29.160 [32m INFO[0;39m [33m[trace-1,,,][0;39m 137704 --- [main] o.s.c.support.DefaultLifecycleProcessor  : Starting beans in phase 2147482647
2017-09-24 16:24:29.160 [32m INFO[0;39m [33m[trace-1,,,][0;39m 137704 --- [main] o.s.c.support.DefaultLifecycleProcessor  : Starting beans in phase 2147483647
2017-09-24 16:24:29.265 [32m INFO[0;39m [33m[trace-1,,,][0;39m 137704 --- [main] s.b.c.e.t.TomcatEmbeddedServletContainer : Tomcat started on port(s): 9101 (http)
2017-09-24 16:24:29.266 [32m INFO[0;39m [33m[trace-1,,,][0;39m 137704 --- [main] c.n.e.EurekaDiscoveryClientConfiguration : Updating port to 9101
2017-09-24 16:24:29.269 [32m INFO[0;39m [33m[trace-1,,,][0;39m 137704 --- [main] com.spring.TraceStream1Application       : Started TraceStream1Application in 16.842 seconds (JVM running for 17.655)
2017-09-24 16:29:28.783 [32m INFO[0;39m [33m[trace-1,,,][0;39m 137704 --- [AsyncResolver-bootstrap-executor-0] c.n.d.s.r.aws.ConfigClusterResolver      : Resolving eureka endpoints via configuration
2017-09-24 16:34:28.807 [32m INFO[0;39m [33m[trace-1,,,][0;39m 137704 --- [AsyncResolver-bootstrap-executor-0] c.n.d.s.r.aws.ConfigClusterResolver      : Resolving eureka endpoints via configuration
2017-09-24 16:36:10.862 [32mDEBUG[0;39m [33m[trace-1,,,][0;39m 137704 --- [http-nio-9101-exec-1] o.s.web.servlet.DispatcherServlet        : Initializing servlet 'dispatcherServlet'
2017-09-24 16:36:10.862 [32m INFO[0;39m [33m[trace-1,,,][0;39m 137704 --- [http-nio-9101-exec-1] o.a.c.c.C.[Tomcat].[localhost].[/]       : Initializing Spring FrameworkServlet 'dispatcherServlet'
2017-09-24 16:36:10.862 [32m INFO[0;39m [33m[trace-1,,,][0;39m 137704 --- [http-nio-9101-exec-1] o.s.web.servlet.DispatcherServlet        : FrameworkServlet 'dispatcherServlet': initialization started
2017-09-24 16:36:10.862 [32mDEBUG[0;39m [33m[trace-1,,,][0;39m 137704 --- [http-nio-9101-exec-1] o.s.web.servlet.DispatcherServlet        : Using MultipartResolver [org.springframework.web.multipart.support.StandardServletMultipartResolver@5d008d58]
2017-09-24 16:36:10.899 [32mDEBUG[0;39m [33m[trace-1,,,][0;39m 137704 --- [http-nio-9101-exec-1] o.s.web.servlet.DispatcherServlet        : Unable to locate LocaleResolver with name 'localeResolver': using default [org.springframework.web.servlet.i18n.AcceptHeaderLocaleResolver@2815d51c]
2017-09-24 16:36:10.899 [32mDEBUG[0;39m [33m[trace-1,,,][0;39m 137704 --- [http-nio-9101-exec-1] o.s.web.servlet.DispatcherServlet        : Unable to locate ThemeResolver with name 'themeResolver': using default [org.springframework.web.servlet.theme.FixedThemeResolver@2307eaa7]
2017-09-24 16:36:10.944 [32mDEBUG[0;39m [33m[trace-1,,,][0;39m 137704 --- [http-nio-9101-exec-1] o.s.web.servlet.DispatcherServlet        : Unable to locate RequestToViewNameTranslator with name 'viewNameTranslator': using default [org.springframework.web.servlet.view.DefaultRequestToViewNameTranslator@77884d5e]
2017-09-24 16:36:10.955 [32mDEBUG[0;39m [33m[trace-1,,,][0;39m 137704 --- [http-nio-9101-exec-1] o.s.web.servlet.DispatcherServlet        : Unable to locate FlashMapManager with name 'flashMapManager': using default [org.springframework.web.servlet.support.SessionFlashMapManager@1a8b8206]
2017-09-24 16:36:10.955 [32mDEBUG[0;39m [33m[trace-1,,,][0;39m 137704 --- [http-nio-9101-exec-1] o.s.web.servlet.DispatcherServlet        : Published WebApplicationContext of servlet 'dispatcherServlet' as ServletContext attribute with name [org.springframework.web.servlet.FrameworkServlet.CONTEXT.dispatcherServlet]
2017-09-24 16:36:10.955 [32m INFO[0;39m [33m[trace-1,,,][0;39m 137704 --- [http-nio-9101-exec-1] o.s.web.servlet.DispatcherServlet        : FrameworkServlet 'dispatcherServlet': initialization completed in 93 ms
2017-09-24 16:36:10.955 [32mDEBUG[0;39m [33m[trace-1,,,][0;39m 137704 --- [http-nio-9101-exec-1] o.s.web.servlet.DispatcherServlet        : Servlet 'dispatcherServlet' configured successfully
2017-09-24 16:36:10.977 [32mDEBUG[0;39m [33m[trace-1,7f6d50262807474c,7f6d50262807474c,true][0;39m 137704 --- [http-nio-9101-exec-1] o.s.web.servlet.DispatcherServlet        : DispatcherServlet with name 'dispatcherServlet' processing GET request for [/trace-1]
2017-09-24 16:36:10.987 [32mDEBUG[0;39m [33m[trace-1,7f6d50262807474c,7f6d50262807474c,true][0;39m 137704 --- [http-nio-9101-exec-1] o.s.web.servlet.DispatcherServlet        : Last-Modified value for [/trace-1] is: -1
2017-09-24 16:36:10.999 [32m INFO[0;39m [33m[trace-1,7f6d50262807474c,85363c9ce6021a44,true][0;39m 137704 --- [http-nio-9101-exec-1] ication$$EnhancerBySpringCGLIB$$48e723a5 : ===<call trace-1>===
2017-09-24 16:36:11.075 [32m INFO[0;39m [33m[trace-1,7f6d50262807474c,30836118986ba04b,true][0;39m 137704 --- [http-nio-9101-exec-1] s.c.a.AnnotationConfigApplicationContext : Refreshing org.springframework.context.annotation.AnnotationConfigApplicationContext@1252d31a: startup date [Sun Sep 24 16:36:11 CST 2017]; parent: org.springframework.boot.context.embedded.AnnotationConfigEmbeddedWebApplicationContext@77102b91
2017-09-24 16:36:11.130 [32m INFO[0;39m [33m[trace-1,7f6d50262807474c,30836118986ba04b,true][0;39m 137704 --- [http-nio-9101-exec-1] f.a.AutowiredAnnotationBeanPostProcessor : JSR-330 'javax.inject.Inject' annotation found and supported for autowiring
2017-09-24 16:36:11.319 [32m INFO[0;39m [33m[trace-1,7f6d50262807474c,30836118986ba04b,true][0;39m 137704 --- [http-nio-9101-exec-1] c.netflix.config.ChainedDynamicProperty  : Flipping property: trace-2.ribbon.ActiveConnectionsLimit to use NEXT property: niws.loadbalancer.availabilityFilteringRule.activeConnectionsLimit = 2147483647
2017-09-24 16:36:11.360 [32m INFO[0;39m [33m[trace-1,7f6d50262807474c,30836118986ba04b,true][0;39m 137704 --- [http-nio-9101-exec-1] c.n.u.concurrent.ShutdownEnabledTimer    : Shutdown hook installed for: NFLoadBalancer-PingTimer-trace-2
2017-09-24 16:36:11.386 [32m INFO[0;39m [33m[trace-1,7f6d50262807474c,30836118986ba04b,true][0;39m 137704 --- [http-nio-9101-exec-1] c.netflix.loadbalancer.BaseLoadBalancer  : Client:trace-2 instantiated a LoadBalancer:DynamicServerListLoadBalancer:{NFLoadBalancer:name=trace-2,current list of Servers=[],Load balancer stats=Zone stats: {},Server stats: []}ServerList:null
2017-09-24 16:36:11.391 [32m INFO[0;39m [33m[trace-1,7f6d50262807474c,30836118986ba04b,true][0;39m 137704 --- [http-nio-9101-exec-1] c.n.l.DynamicServerListLoadBalancer      : Using serverListUpdater PollingServerListUpdater
2017-09-24 16:36:11.423 [32m INFO[0;39m [33m[trace-1,7f6d50262807474c,30836118986ba04b,true][0;39m 137704 --- [http-nio-9101-exec-1] c.netflix.config.ChainedDynamicProperty  : Flipping property: trace-2.ribbon.ActiveConnectionsLimit to use NEXT property: niws.loadbalancer.availabilityFilteringRule.activeConnectionsLimit = 2147483647
2017-09-24 16:36:11.424 [32m INFO[0;39m [33m[trace-1,7f6d50262807474c,30836118986ba04b,true][0;39m 137704 --- [http-nio-9101-exec-1] c.n.l.DynamicServerListLoadBalancer      : DynamicServerListLoadBalancer for client trace-2 initialized: DynamicServerListLoadBalancer:{NFLoadBalancer:name=trace-2,current list of Servers=[localhost:9102],Load balancer stats=Zone stats: {defaultzone=[Zone:defaultzone;	Instance count:1;	Active connections count: 0;	Circuit breaker tripped count: 0;	Active connections per server: 0.0;]
},Server stats: [[Server:localhost:9102;	Zone:defaultZone;	Total Requests:0;	Successive connection failure:0;	Total blackout seconds:0;	Last connection made:Thu Jan 01 08:00:00 CST 1970;	First connection made: Thu Jan 01 08:00:00 CST 1970;	Active Connections:0;	total failure count in last (1000) msecs:0;	average resp time:0.0;	90 percentile resp time:0.0;	95 percentile resp time:0.0;	min resp time:0.0;	max resp time:0.0;	stddev resp time:0.0]
]}ServerList:org.springframework.cloud.netflix.ribbon.eureka.DomainExtractingServerList@7d95767
2017-09-24 16:36:11.829 [32mDEBUG[0;39m [33m[trace-1,7f6d50262807474c,85363c9ce6021a44,true][0;39m 137704 --- [http-nio-9101-exec-1] o.s.web.servlet.DispatcherServlet        : Null ModelAndView returned to DispatcherServlet with name 'dispatcherServlet': assuming HandlerAdapter completed request handling
2017-09-24 16:36:11.832 [32mDEBUG[0;39m [33m[trace-1,7f6d50262807474c,7f6d50262807474c,true][0;39m 137704 --- [http-nio-9101-exec-1] o.s.web.servlet.DispatcherServlet        : Successfully completed request
2017-09-24 16:36:12.394 [32m INFO[0;39m [33m[trace-1,,,][0;39m 137704 --- [PollingServerListUpdater-0] c.netflix.config.ChainedDynamicProperty  : Flipping property: trace-2.ribbon.ActiveConnectionsLimit to use NEXT property: niws.loadbalancer.availabilityFilteringRule.activeConnectionsLimit = 2147483647
2017-09-24 16:39:28.815 [32m INFO[0;39m [33m[trace-1,,,][0;39m 137704 --- [AsyncResolver-bootstrap-executor-0] c.n.d.s.r.aws.ConfigClusterResolver      : Resolving eureka endpoints via configuration
2017-09-24 16:44:28.822 [32m INFO[0;39m [33m[trace-1,,,][0;39m 137704 --- [AsyncResolver-bootstrap-executor-0] c.n.d.s.r.aws.ConfigClusterResolver      : Resolving eureka endpoints via configuration
2017-09-24 16:49:28.828 [32m INFO[0;39m [33m[trace-1,,,][0;39m 137704 --- [AsyncResolver-bootstrap-executor-0] c.n.d.s.r.aws.ConfigClusterResolver      : Resolving eureka endpoints via configuration
2017-09-24 16:54:28.844 [32m INFO[0;39m [33m[trace-1,,,][0;39m 137704 --- [AsyncResolver-bootstrap-executor-0] c.n.d.s.r.aws.ConfigClusterResolver      : Resolving eureka endpoints via configuration
2017-09-24 16:59:28.855 [32m INFO[0;39m [33m[trace-1,,,][0;39m 137704 --- [AsyncResolver-bootstrap-executor-0] c.n.d.s.r.aws.ConfigClusterResolver      : Resolving eureka endpoints via configuration
2017-09-24 17:04:28.865 [32m INFO[0;39m [33m[trace-1,,,][0;39m 137704 --- [AsyncResolver-bootstrap-executor-0] c.n.d.s.r.aws.ConfigClusterResolver      : Resolving eureka endpoints via configuration
2017-09-24 17:09:28.877 [32m INFO[0;39m [33m[trace-1,,,][0;39m 137704 --- [AsyncResolver-bootstrap-executor-0] c.n.d.s.r.aws.ConfigClusterResolver      : Resolving eureka endpoints via configuration
2017-09-24 17:14:28.897 [32m INFO[0;39m [33m[trace-1,,,][0;39m 137704 --- [AsyncResolver-bootstrap-executor-0] c.n.d.s.r.aws.ConfigClusterResolver      : Resolving eureka endpoints via configuration
2017-09-24 17:19:28.907 [32m INFO[0;39m [33m[trace-1,,,][0;39m 137704 --- [AsyncResolver-bootstrap-executor-0] c.n.d.s.r.aws.ConfigClusterResolver      : Resolving eureka endpoints via configuration
2017-09-24 17:24:28.920 [32m INFO[0;39m [33m[trace-1,,,][0;39m 137704 --- [AsyncResolver-bootstrap-executor-0] c.n.d.s.r.aws.ConfigClusterResolver      : Resolving eureka endpoints via configuration
2017-09-24 17:29:28.935 [32m INFO[0;39m [33m[trace-1,,,][0;39m 137704 --- [AsyncResolver-bootstrap-executor-0] c.n.d.s.r.aws.ConfigClusterResolver      : Resolving eureka endpoints via configuration
2017-09-24 17:34:28.935 [32m INFO[0;39m [33m[trace-1,,,][0;39m 137704 --- [AsyncResolver-bootstrap-executor-0] c.n.d.s.r.aws.ConfigClusterResolver      : Resolving eureka endpoints via configuration
2017-09-24 17:39:28.946 [32m INFO[0;39m [33m[trace-1,,,][0;39m 137704 --- [AsyncResolver-bootstrap-executor-0] c.n.d.s.r.aws.ConfigClusterResolver      : Resolving eureka endpoints via configuration
2017-09-24 17:44:28.969 [32m INFO[0;39m [33m[trace-1,,,][0;39m 137704 --- [AsyncResolver-bootstrap-executor-0] c.n.d.s.r.aws.ConfigClusterResolver      : Resolving eureka endpoints via configuration
2017-09-24 17:49:28.978 [32m INFO[0;39m [33m[trace-1,,,][0;39m 137704 --- [AsyncResolver-bootstrap-executor-0] c.n.d.s.r.aws.ConfigClusterResolver      : Resolving eureka endpoints via configuration
2017-09-24 17:54:28.996 [32m INFO[0;39m [33m[trace-1,,,][0;39m 137704 --- [AsyncResolver-bootstrap-executor-0] c.n.d.s.r.aws.ConfigClusterResolver      : Resolving eureka endpoints via configuration
2017-09-24 17:59:10.042 [32mDEBUG[0;39m [33m[trace-1,e8bc90ffceb8f435,e8bc90ffceb8f435,true][0;39m 137704 --- [http-nio-9101-exec-4] o.s.web.servlet.DispatcherServlet        : DispatcherServlet with name 'dispatcherServlet' processing GET request for [/trace-1]
2017-09-24 17:59:10.204 [32mDEBUG[0;39m [33m[trace-1,e8bc90ffceb8f435,e8bc90ffceb8f435,true][0;39m 137704 --- [http-nio-9101-exec-4] o.s.web.servlet.DispatcherServlet        : Last-Modified value for [/trace-1] is: -1
2017-09-24 17:59:10.225 [32m INFO[0;39m [33m[trace-1,e8bc90ffceb8f435,ddad9915485ab033,true][0;39m 137704 --- [http-nio-9101-exec-4] ication$$EnhancerBySpringCGLIB$$48e723a5 : ===<call trace-1>===
2017-09-24 17:59:12.192 [32mDEBUG[0;39m [33m[trace-1,e8bc90ffceb8f435,ddad9915485ab033,true][0;39m 137704 --- [http-nio-9101-exec-4] o.s.web.servlet.DispatcherServlet        : Null ModelAndView returned to DispatcherServlet with name 'dispatcherServlet': assuming HandlerAdapter completed request handling
2017-09-24 17:59:12.192 [32mDEBUG[0;39m [33m[trace-1,e8bc90ffceb8f435,e8bc90ffceb8f435,true][0;39m 137704 --- [http-nio-9101-exec-4] o.s.web.servlet.DispatcherServlet        : Successfully completed request
2017-09-24 17:59:21.290 [32mDEBUG[0;39m [33m[trace-1,a0b50afb3f2e697f,a0b50afb3f2e697f,true][0;39m 137704 --- [http-nio-9101-exec-5] o.s.web.servlet.DispatcherServlet        : DispatcherServlet with name 'dispatcherServlet' processing GET request for [/trace-1]
2017-09-24 17:59:21.305 [32mDEBUG[0;39m [33m[trace-1,a0b50afb3f2e697f,a0b50afb3f2e697f,true][0;39m 137704 --- [http-nio-9101-exec-5] o.s.web.servlet.DispatcherServlet        : Last-Modified value for [/trace-1] is: -1
2017-09-24 17:59:21.305 [32m INFO[0;39m [33m[trace-1,a0b50afb3f2e697f,6f0e16e9e89e0f35,true][0;39m 137704 --- [http-nio-9101-exec-5] ication$$EnhancerBySpringCGLIB$$48e723a5 : ===<call trace-1>===
2017-09-24 17:59:21.644 [32mDEBUG[0;39m [33m[trace-1,a0b50afb3f2e697f,6f0e16e9e89e0f35,true][0;39m 137704 --- [http-nio-9101-exec-5] o.s.web.servlet.DispatcherServlet        : Null ModelAndView returned to DispatcherServlet with name 'dispatcherServlet': assuming HandlerAdapter completed request handling
2017-09-24 17:59:21.644 [32mDEBUG[0;39m [33m[trace-1,a0b50afb3f2e697f,a0b50afb3f2e697f,true][0;39m 137704 --- [http-nio-9101-exec-5] o.s.web.servlet.DispatcherServlet        : Successfully completed request
2017-09-24 17:59:29.034 [32m INFO[0;39m [33m[trace-1,,,][0;39m 137704 --- [AsyncResolver-bootstrap-executor-0] c.n.d.s.r.aws.ConfigClusterResolver      : Resolving eureka endpoints via configuration
2017-09-24 18:04:29.045 [32m INFO[0;39m [33m[trace-1,,,][0;39m 137704 --- [AsyncResolver-bootstrap-executor-0] c.n.d.s.r.aws.ConfigClusterResolver      : Resolving eureka endpoints via configuration
2017-09-24 18:09:29.052 [32m INFO[0;39m [33m[trace-1,,,][0;39m 137704 --- [AsyncResolver-bootstrap-executor-0] c.n.d.s.r.aws.ConfigClusterResolver      : Resolving eureka endpoints via configuration
2017-09-24 18:10:12.728 [32mDEBUG[0;39m [33m[trace-1,e6a5451ae8d88bcf,e6a5451ae8d88bcf,true][0;39m 137704 --- [http-nio-9101-exec-7] o.s.web.servlet.DispatcherServlet        : DispatcherServlet with name 'dispatcherServlet' processing GET request for [/trace-1]
2017-09-24 18:10:12.754 [32mDEBUG[0;39m [33m[trace-1,e6a5451ae8d88bcf,e6a5451ae8d88bcf,true][0;39m 137704 --- [http-nio-9101-exec-7] o.s.web.servlet.DispatcherServlet        : Last-Modified value for [/trace-1] is: -1
2017-09-24 18:10:12.755 [32m INFO[0;39m [33m[trace-1,e6a5451ae8d88bcf,611f2b3880648c4a,true][0;39m 137704 --- [http-nio-9101-exec-7] ication$$EnhancerBySpringCGLIB$$48e723a5 : ===<call trace-1>===
2017-09-24 18:10:12.971 [32mDEBUG[0;39m [33m[trace-1,e6a5451ae8d88bcf,611f2b3880648c4a,true][0;39m 137704 --- [http-nio-9101-exec-7] o.s.web.servlet.DispatcherServlet        : Null ModelAndView returned to DispatcherServlet with name 'dispatcherServlet': assuming HandlerAdapter completed request handling
2017-09-24 18:10:12.971 [32mDEBUG[0;39m [33m[trace-1,e6a5451ae8d88bcf,e6a5451ae8d88bcf,true][0;39m 137704 --- [http-nio-9101-exec-7] o.s.web.servlet.DispatcherServlet        : Successfully completed request
2017-09-24 18:14:29.053 [32m INFO[0;39m [33m[trace-1,,,][0;39m 137704 --- [AsyncResolver-bootstrap-executor-0] c.n.d.s.r.aws.ConfigClusterResolver      : Resolving eureka endpoints via configuration
2017-09-24 18:19:29.054 [32m INFO[0;39m [33m[trace-1,,,][0;39m 137704 --- [AsyncResolver-bootstrap-executor-0] c.n.d.s.r.aws.ConfigClusterResolver      : Resolving eureka endpoints via configuration
2017-09-24 18:20:10.744 [32m INFO[0;39m [33m[trace-1,,,][0;39m 137680 --- [main] com.spring.TraceStream1Application       : No active profile set, falling back to default profiles: default
2017-09-24 18:20:10.759 [32m INFO[0;39m [33m[trace-1,,,][0;39m 137680 --- [main] ationConfigEmbeddedWebApplicationContext : Refreshing org.springframework.boot.context.embedded.AnnotationConfigEmbeddedWebApplicationContext@45312be2: startup date [Sun Sep 24 18:20:10 CST 2017]; parent: org.springframework.context.annotation.AnnotationConfigApplicationContext@1fa268de
2017-09-24 18:20:11.936 [32m INFO[0;39m [33m[trace-1,,,][0;39m 137680 --- [main] o.s.b.f.config.PropertiesFactoryBean     : Loading properties file from URL [jar:file:/D:/maven/loozb/org/springframework/integration/spring-integration-core/4.2.9.RELEASE/spring-integration-core-4.2.9.RELEASE.jar!/META-INF/spring.integration.default.properties]
2017-09-24 18:20:11.951 [32m INFO[0;39m [33m[trace-1,,,][0;39m 137680 --- [main] o.s.i.config.IntegrationRegistrar        : No bean named 'integrationHeaderChannelRegistry' has been explicitly defined. Therefore, a default DefaultHeaderChannelRegistry will be created.
2017-09-24 18:20:12.195 [33m WARN[0;39m [33m[trace-1,,,][0;39m 137680 --- [main] o.s.c.a.ConfigurationClassPostProcessor  : Cannot enhance @Configuration bean definition 'refreshScope' since its singleton instance has been created too early. The typical cause is a non-static @Bean method with a BeanDefinitionRegistryPostProcessor return type: Consider declaring such methods as 'static'.
2017-09-24 18:20:12.410 [32m INFO[0;39m [33m[trace-1,,,][0;39m 137680 --- [main] o.s.cloud.context.scope.GenericScope     : BeanFactory id=4f97d9a8-38a4-30d1-8b0a-cda1daa4dfad
2017-09-24 18:20:12.430 [32m INFO[0;39m [33m[trace-1,,,][0;39m 137680 --- [main] faultConfiguringBeanFactoryPostProcessor : No bean named 'errorChannel' has been explicitly defined. Therefore, a default PublishSubscribeChannel will be created.
2017-09-24 18:20:12.448 [32m INFO[0;39m [33m[trace-1,,,][0;39m 137680 --- [main] faultConfiguringBeanFactoryPostProcessor : No bean named 'taskScheduler' has been explicitly defined. Therefore, a default ThreadPoolTaskScheduler will be created.
2017-09-24 18:20:12.461 [32m INFO[0;39m [33m[trace-1,,,][0;39m 137680 --- [main] f.a.AutowiredAnnotationBeanPostProcessor : JSR-330 'javax.inject.Inject' annotation found and supported for autowiring
2017-09-24 18:20:12.469 [32m INFO[0;39m [33m[trace-1,,,][0;39m 137680 --- [main] trationDelegate$BeanPostProcessorChecker : Bean 'org.springframework.amqp.rabbit.annotation.RabbitBootstrapConfiguration' of type [class org.springframework.amqp.rabbit.annotation.RabbitBootstrapConfiguration$$EnhancerBySpringCGLIB$$19ed1d5e] is not eligible for getting processed by all BeanPostProcessors (for example: not eligible for auto-proxying)
2017-09-24 18:20:12.682 [32m INFO[0;39m [33m[trace-1,,,][0;39m 137680 --- [main] trationDelegate$BeanPostProcessorChecker : Bean 'org.springframework.cloud.sleuth.instrument.async.AsyncDefaultAutoConfiguration$DefaultAsyncConfigurerSupport' of type [class org.springframework.cloud.sleuth.instrument.async.AsyncDefaultAutoConfiguration$DefaultAsyncConfigurerSupport$$EnhancerBySpringCGLIB$$90c2fcf3] is not eligible for getting processed by all BeanPostProcessors (for example: not eligible for auto-proxying)
2017-09-24 18:20:13.086 [32m INFO[0;39m [33m[trace-1,,,][0;39m 137680 --- [main] trationDelegate$BeanPostProcessorChecker : Bean 'org.springframework.cloud.stream.config.ChannelBindingServiceConfiguration$PostProcessorConfiguration' of type [class org.springframework.cloud.stream.config.ChannelBindingServiceConfiguration$PostProcessorConfiguration$$EnhancerBySpringCGLIB$$4b4bf7bc] is not eligible for getting processed by all BeanPostProcessors (for example: not eligible for auto-proxying)
2017-09-24 18:20:13.253 [32m INFO[0;39m [33m[trace-1,,,][0;39m 137680 --- [main] trationDelegate$BeanPostProcessorChecker : Bean 'org.springframework.cloud.netflix.metrics.MetricsInterceptorConfiguration$MetricsRestTemplateConfiguration' of type [class org.springframework.cloud.netflix.metrics.MetricsInterceptorConfiguration$MetricsRestTemplateConfiguration$$EnhancerBySpringCGLIB$$85ae0571] is not eligible for getting processed by all BeanPostProcessors (for example: not eligible for auto-proxying)
2017-09-24 18:20:13.317 [32m INFO[0;39m [33m[trace-1,,,][0;39m 137680 --- [main] trationDelegate$BeanPostProcessorChecker : Bean 'org.springframework.cloud.autoconfigure.ConfigurationPropertiesRebinderAutoConfiguration' of type [class org.springframework.cloud.autoconfigure.ConfigurationPropertiesRebinderAutoConfiguration$$EnhancerBySpringCGLIB$$6f9b622d] is not eligible for getting processed by all BeanPostProcessors (for example: not eligible for auto-proxying)
2017-09-24 18:20:13.337 [32m INFO[0;39m [33m[trace-1,,,][0;39m 137680 --- [main] trationDelegate$BeanPostProcessorChecker : Bean 'org.springframework.cloud.autoconfigure.RefreshEndpointAutoConfiguration' of type [class org.springframework.cloud.autoconfigure.RefreshEndpointAutoConfiguration$$EnhancerBySpringCGLIB$$18fa6423] is not eligible for getting processed by all BeanPostProcessors (for example: not eligible for auto-proxying)
2017-09-24 18:20:14.224 [32m INFO[0;39m [33m[trace-1,,,][0;39m 137680 --- [main] s.b.c.e.t.TomcatEmbeddedServletContainer : Tomcat initialized with port(s): 9101 (http)
2017-09-24 18:20:14.235 [32m INFO[0;39m [33m[trace-1,,,][0;39m 137680 --- [main] o.apache.catalina.core.StandardService   : Starting service Tomcat
2017-09-24 18:20:14.236 [32m INFO[0;39m [33m[trace-1,,,][0;39m 137680 --- [main] org.apache.catalina.core.StandardEngine  : Starting Servlet Engine: Apache Tomcat/8.0.36
2017-09-24 18:20:14.424 [32m INFO[0;39m [33m[trace-1,,,][0;39m 137680 --- [localhost-startStop-1] o.a.c.c.C.[Tomcat].[localhost].[/]       : Initializing Spring embedded WebApplicationContext
2017-09-24 18:20:14.425 [32m INFO[0;39m [33m[trace-1,,,][0;39m 137680 --- [localhost-startStop-1] o.s.web.context.ContextLoader            : Root WebApplicationContext: initialization completed in 3666 ms
2017-09-24 18:20:15.946 [32m INFO[0;39m [33m[trace-1,,,][0;39m 137680 --- [localhost-startStop-1] o.s.cloud.commons.util.InetUtils         : Cannot determine local hostname
2017-09-24 18:20:16.947 [32m INFO[0;39m [33m[trace-1,,,][0;39m 137680 --- [localhost-startStop-1] o.s.b.f.config.PropertiesFactoryBean     : Loading properties file from URL [jar:file:/D:/maven/loozb/org/springframework/integration/spring-integration-core/4.2.9.RELEASE/spring-integration-core-4.2.9.RELEASE.jar!/META-INF/spring.integration.default.properties]
2017-09-24 18:20:17.780 [32m INFO[0;39m [33m[trace-1,,,][0;39m 137680 --- [localhost-startStop-1] o.s.b.c.embedded.FilterRegistrationBean  : Mapping filter: 'metricFilter' to: [/*]
2017-09-24 18:20:17.780 [32m INFO[0;39m [33m[trace-1,,,][0;39m 137680 --- [localhost-startStop-1] o.s.b.c.embedded.FilterRegistrationBean  : Mapping filter: 'characterEncodingFilter' to: [/*]
2017-09-24 18:20:17.781 [32m INFO[0;39m [33m[trace-1,,,][0;39m 137680 --- [localhost-startStop-1] o.s.b.c.embedded.FilterRegistrationBean  : Mapping filter: 'traceFilter' to: [/*]
2017-09-24 18:20:17.781 [32m INFO[0;39m [33m[trace-1,,,][0;39m 137680 --- [localhost-startStop-1] o.s.b.c.embedded.FilterRegistrationBean  : Mapping filter: 'hiddenHttpMethodFilter' to: [/*]
2017-09-24 18:20:17.781 [32m INFO[0;39m [33m[trace-1,,,][0;39m 137680 --- [localhost-startStop-1] o.s.b.c.embedded.FilterRegistrationBean  : Mapping filter: 'httpPutFormContentFilter' to: [/*]
2017-09-24 18:20:17.781 [32m INFO[0;39m [33m[trace-1,,,][0;39m 137680 --- [localhost-startStop-1] o.s.b.c.embedded.FilterRegistrationBean  : Mapping filter: 'requestContextFilter' to: [/*]
2017-09-24 18:20:17.782 [32m INFO[0;39m [33m[trace-1,,,][0;39m 137680 --- [localhost-startStop-1] o.s.b.c.embedded.FilterRegistrationBean  : Mapping filter: 'webRequestLoggingFilter' to: [/*]
2017-09-24 18:20:17.782 [32m INFO[0;39m [33m[trace-1,,,][0;39m 137680 --- [localhost-startStop-1] o.s.b.c.embedded.FilterRegistrationBean  : Mapping filter: 'applicationContextIdFilter' to: [/*]
2017-09-24 18:20:17.782 [32m INFO[0;39m [33m[trace-1,,,][0;39m 137680 --- [localhost-startStop-1] o.s.b.c.e.ServletRegistrationBean        : Mapping servlet: 'dispatcherServlet' to [/]
2017-09-24 18:20:18.734 [32m INFO[0;39m [33m[trace-1,,,][0;39m 137680 --- [main] s.w.s.m.m.a.RequestMappingHandlerAdapter : Looking for @ControllerAdvice: org.springframework.boot.context.embedded.AnnotationConfigEmbeddedWebApplicationContext@45312be2: startup date [Sun Sep 24 18:20:10 CST 2017]; parent: org.springframework.context.annotation.AnnotationConfigApplicationContext@1fa268de
2017-09-24 18:20:18.877 [32m INFO[0;39m [33m[trace-1,,,][0;39m 137680 --- [main] s.w.s.m.m.a.RequestMappingHandlerMapping : Mapped "{[/trace-1],methods=[GET]}" onto public java.lang.String com.spring.TraceStream1Application.trace()
2017-09-24 18:20:18.879 [32m INFO[0;39m [33m[trace-1,,,][0;39m 137680 --- [main] s.w.s.m.m.a.RequestMappingHandlerMapping : Mapped "{[/error]}" onto public org.springframework.http.ResponseEntity<java.util.Map<java.lang.String, java.lang.Object>> org.springframework.boot.autoconfigure.web.BasicErrorController.error(javax.servlet.http.HttpServletRequest)
2017-09-24 18:20:18.879 [32m INFO[0;39m [33m[trace-1,,,][0;39m 137680 --- [main] s.w.s.m.m.a.RequestMappingHandlerMapping : Mapped "{[/error],produces=[text/html]}" onto public org.springframework.web.servlet.ModelAndView org.springframework.boot.autoconfigure.web.BasicErrorController.errorHtml(javax.servlet.http.HttpServletRequest,javax.servlet.http.HttpServletResponse)
2017-09-24 18:20:18.973 [32m INFO[0;39m [33m[trace-1,,,][0;39m 137680 --- [main] o.s.w.s.handler.SimpleUrlHandlerMapping  : Mapped URL path [/webjars/**] onto handler of type [class org.springframework.web.servlet.resource.ResourceHttpRequestHandler]
2017-09-24 18:20:18.973 [32m INFO[0;39m [33m[trace-1,,,][0;39m 137680 --- [main] o.s.w.s.handler.SimpleUrlHandlerMapping  : Mapped URL path [/**] onto handler of type [class org.springframework.web.servlet.resource.ResourceHttpRequestHandler]
2017-09-24 18:20:19.046 [32m INFO[0;39m [33m[trace-1,,,][0;39m 137680 --- [main] o.s.w.s.handler.SimpleUrlHandlerMapping  : Mapped URL path [/**/favicon.ico] onto handler of type [class org.springframework.web.servlet.resource.ResourceHttpRequestHandler]
2017-09-24 18:20:20.149 [32m INFO[0;39m [33m[trace-1,,,][0;39m 137680 --- [main] o.s.s.c.ThreadPoolTaskScheduler          : Initializing ExecutorService  'taskScheduler'
2017-09-24 18:20:20.868 [32m INFO[0;39m [33m[trace-1,,,][0;39m 137680 --- [main] o.s.b.a.e.mvc.EndpointHandlerMapping     : Mapped "{[/refresh || /refresh.json],methods=[POST]}" onto public java.lang.Object org.springframework.cloud.endpoint.GenericPostableMvcEndpoint.invoke()
2017-09-24 18:20:20.869 [32m INFO[0;39m [33m[trace-1,,,][0;39m 137680 --- [main] o.s.b.a.e.mvc.EndpointHandlerMapping     : Mapped "{[/resume || /resume.json],methods=[POST]}" onto public java.lang.Object org.springframework.cloud.endpoint.GenericPostableMvcEndpoint.invoke()
2017-09-24 18:20:20.869 [32m INFO[0;39m [33m[trace-1,,,][0;39m 137680 --- [main] o.s.b.a.e.mvc.EndpointHandlerMapping     : Mapped "{[/configprops || /configprops.json],methods=[GET],produces=[application/json]}" onto public java.lang.Object org.springframework.boot.actuate.endpoint.mvc.EndpointMvcAdapter.invoke()
2017-09-24 18:20:20.873 [32m INFO[0;39m [33m[trace-1,,,][0;39m 137680 --- [main] o.s.b.a.e.mvc.EndpointHandlerMapping     : Mapped "{[/metrics/{name:.*}],methods=[GET],produces=[application/json]}" onto public java.lang.Object org.springframework.boot.actuate.endpoint.mvc.MetricsMvcEndpoint.value(java.lang.String)
2017-09-24 18:20:20.873 [32m INFO[0;39m [33m[trace-1,,,][0;39m 137680 --- [main] o.s.b.a.e.mvc.EndpointHandlerMapping     : Mapped "{[/metrics || /metrics.json],methods=[GET],produces=[application/json]}" onto public java.lang.Object org.springframework.boot.actuate.endpoint.mvc.EndpointMvcAdapter.invoke()
2017-09-24 18:20:20.874 [32m INFO[0;39m [33m[trace-1,,,][0;39m 137680 --- [main] o.s.b.a.e.mvc.EndpointHandlerMapping     : Mapped "{[/channels || /channels.json],methods=[GET],produces=[application/json]}" onto public java.lang.Object org.springframework.boot.actuate.endpoint.mvc.EndpointMvcAdapter.invoke()
2017-09-24 18:20:20.876 [32m INFO[0;39m [33m[trace-1,,,][0;39m 137680 --- [main] o.s.b.a.e.mvc.EndpointHandlerMapping     : Mapped "{[/features || /features.json],methods=[GET],produces=[application/json]}" onto public java.lang.Object org.springframework.boot.actuate.endpoint.mvc.EndpointMvcAdapter.invoke()
2017-09-24 18:20:20.876 [32m INFO[0;39m [33m[trace-1,,,][0;39m 137680 --- [main] o.s.b.a.e.mvc.EndpointHandlerMapping     : Mapped "{[/mappings || /mappings.json],methods=[GET],produces=[application/json]}" onto public java.lang.Object org.springframework.boot.actuate.endpoint.mvc.EndpointMvcAdapter.invoke()
2017-09-24 18:20:20.877 [32m INFO[0;39m [33m[trace-1,,,][0;39m 137680 --- [main] o.s.b.a.e.mvc.EndpointHandlerMapping     : Mapped "{[/autoconfig || /autoconfig.json],methods=[GET],produces=[application/json]}" onto public java.lang.Object org.springframework.boot.actuate.endpoint.mvc.EndpointMvcAdapter.invoke()
2017-09-24 18:20:20.878 [32m INFO[0;39m [33m[trace-1,,,][0;39m 137680 --- [main] o.s.b.a.e.mvc.EndpointHandlerMapping     : Mapped "{[/restart || /restart.json],methods=[POST]}" onto public java.lang.Object org.springframework.cloud.context.restart.RestartMvcEndpoint.invoke()
2017-09-24 18:20:20.878 [32m INFO[0;39m [33m[trace-1,,,][0;39m 137680 --- [main] o.s.b.a.e.mvc.EndpointHandlerMapping     : Mapped "{[/archaius || /archaius.json],methods=[GET],produces=[application/json]}" onto public java.lang.Object org.springframework.boot.actuate.endpoint.mvc.EndpointMvcAdapter.invoke()
2017-09-24 18:20:20.879 [32m INFO[0;39m [33m[trace-1,,,][0;39m 137680 --- [main] o.s.b.a.e.mvc.EndpointHandlerMapping     : Mapped "{[/info || /info.json],methods=[GET],produces=[application/json]}" onto public java.lang.Object org.springframework.boot.actuate.endpoint.mvc.EndpointMvcAdapter.invoke()
2017-09-24 18:20:20.879 [32m INFO[0;39m [33m[trace-1,,,][0;39m 137680 --- [main] o.s.b.a.e.mvc.EndpointHandlerMapping     : Mapped "{[/logfile || /logfile.json],methods=[GET || HEAD]}" onto public void org.springframework.boot.actuate.endpoint.mvc.LogFileMvcEndpoint.invoke(javax.servlet.http.HttpServletRequest,javax.servlet.http.HttpServletResponse) throws javax.servlet.ServletException,java.io.IOException
2017-09-24 18:20:20.879 [32m INFO[0;39m [33m[trace-1,,,][0;39m 137680 --- [main] o.s.b.a.e.mvc.EndpointHandlerMapping     : Mapped "{[/health || /health.json],produces=[application/json]}" onto public java.lang.Object org.springframework.boot.actuate.endpoint.mvc.HealthMvcEndpoint.invoke(java.security.Principal)
2017-09-24 18:20:20.880 [32m INFO[0;39m [33m[trace-1,,,][0;39m 137680 --- [main] o.s.b.a.e.mvc.EndpointHandlerMapping     : Mapped "{[/trace || /trace.json],methods=[GET],produces=[application/json]}" onto public java.lang.Object org.springframework.boot.actuate.endpoint.mvc.EndpointMvcAdapter.invoke()
2017-09-24 18:20:20.880 [32m INFO[0;39m [33m[trace-1,,,][0;39m 137680 --- [main] o.s.b.a.e.mvc.EndpointHandlerMapping     : Mapped "{[/env],methods=[POST]}" onto public java.lang.Object org.springframework.cloud.context.environment.EnvironmentManagerMvcEndpoint.value(java.util.Map<java.lang.String, java.lang.String>)
2017-09-24 18:20:20.880 [32m INFO[0;39m [33m[trace-1,,,][0;39m 137680 --- [main] o.s.b.a.e.mvc.EndpointHandlerMapping     : Mapped "{[/env/reset],methods=[POST]}" onto public java.util.Map<java.lang.String, java.lang.Object> org.springframework.cloud.context.environment.EnvironmentManagerMvcEndpoint.reset()
2017-09-24 18:20:20.881 [32m INFO[0;39m [33m[trace-1,,,][0;39m 137680 --- [main] o.s.b.a.e.mvc.EndpointHandlerMapping     : Mapped "{[/beans || /beans.json],methods=[GET],produces=[application/json]}" onto public java.lang.Object org.springframework.boot.actuate.endpoint.mvc.EndpointMvcAdapter.invoke()
2017-09-24 18:20:20.882 [32m INFO[0;39m [33m[trace-1,,,][0;39m 137680 --- [main] o.s.b.a.e.mvc.EndpointHandlerMapping     : Mapped "{[/pause || /pause.json],methods=[POST]}" onto public java.lang.Object org.springframework.cloud.endpoint.GenericPostableMvcEndpoint.invoke()
2017-09-24 18:20:20.883 [32m INFO[0;39m [33m[trace-1,,,][0;39m 137680 --- [main] o.s.b.a.e.mvc.EndpointHandlerMapping     : Mapped "{[/env/{name:.*}],methods=[GET],produces=[application/json]}" onto public java.lang.Object org.springframework.boot.actuate.endpoint.mvc.EnvironmentMvcEndpoint.value(java.lang.String)
2017-09-24 18:20:20.883 [32m INFO[0;39m [33m[trace-1,,,][0;39m 137680 --- [main] o.s.b.a.e.mvc.EndpointHandlerMapping     : Mapped "{[/env || /env.json],methods=[GET],produces=[application/json]}" onto public java.lang.Object org.springframework.boot.actuate.endpoint.mvc.EndpointMvcAdapter.invoke()
2017-09-24 18:20:20.883 [32m INFO[0;39m [33m[trace-1,,,][0;39m 137680 --- [main] o.s.b.a.e.mvc.EndpointHandlerMapping     : Mapped "{[/dump || /dump.json],methods=[GET],produces=[application/json]}" onto public java.lang.Object org.springframework.boot.actuate.endpoint.mvc.EndpointMvcAdapter.invoke()
2017-09-24 18:20:21.078 [33m WARN[0;39m [33m[trace-1,,,][0;39m 137680 --- [main] c.n.c.sources.URLConfigurationSource     : No URLs will be polled as dynamic configuration sources.
2017-09-24 18:20:21.080 [32m INFO[0;39m [33m[trace-1,,,][0;39m 137680 --- [main] c.n.c.sources.URLConfigurationSource     : To enable URLs as dynamic configuration sources, define System property archaius.configurationSource.additionalUrls or make config.properties available on classpath.
2017-09-24 18:20:21.101 [33m WARN[0;39m [33m[trace-1,,,][0;39m 137680 --- [main] c.n.c.sources.URLConfigurationSource     : No URLs will be polled as dynamic configuration sources.
2017-09-24 18:20:21.101 [32m INFO[0;39m [33m[trace-1,,,][0;39m 137680 --- [main] c.n.c.sources.URLConfigurationSource     : To enable URLs as dynamic configuration sources, define System property archaius.configurationSource.additionalUrls or make config.properties available on classpath.
2017-09-24 18:20:21.590 [32m INFO[0;39m [33m[trace-1,,,][0;39m 137680 --- [main] o.s.s.c.ThreadPoolTaskScheduler          : Initializing ExecutorService 
2017-09-24 18:20:21.872 [32m INFO[0;39m [33m[trace-1,,,][0;39m 137680 --- [main] o.s.i.codec.kryo.CompositeKryoRegistrar  : configured Kryo registration [40, java.io.File] with serializer org.springframework.integration.codec.kryo.FileSerializer
2017-09-24 18:20:22.092 [32m INFO[0;39m [33m[trace-1,,,][0;39m 137680 --- [main] o.s.j.e.a.AnnotationMBeanExporter        : Registering beans for JMX exposure on startup
2017-09-24 18:20:22.101 [32m INFO[0;39m [33m[trace-1,,,][0;39m 137680 --- [main] o.s.j.e.a.AnnotationMBeanExporter        : Bean with name 'refreshScope' has been autodetected for JMX exposure
2017-09-24 18:20:22.102 [32m INFO[0;39m [33m[trace-1,,,][0;39m 137680 --- [main] o.s.j.e.a.AnnotationMBeanExporter        : Bean with name 'environmentManager' has been autodetected for JMX exposure
2017-09-24 18:20:22.103 [32m INFO[0;39m [33m[trace-1,,,][0;39m 137680 --- [main] o.s.j.e.a.AnnotationMBeanExporter        : Bean with name 'integrationMbeanExporter' has been autodetected for JMX exposure
2017-09-24 18:20:22.104 [32m INFO[0;39m [33m[trace-1,,,][0;39m 137680 --- [main] o.s.j.e.a.AnnotationMBeanExporter        : Bean with name 'configurationPropertiesRebinder' has been autodetected for JMX exposure
2017-09-24 18:20:22.104 [32m INFO[0;39m [33m[trace-1,,,][0;39m 137680 --- [main] o.s.j.e.a.AnnotationMBeanExporter        : Bean with name 'refreshEndpoint' has been autodetected for JMX exposure
2017-09-24 18:20:22.106 [32m INFO[0;39m [33m[trace-1,,,][0;39m 137680 --- [main] o.s.j.e.a.AnnotationMBeanExporter        : Bean with name 'restartEndpoint' has been autodetected for JMX exposure
2017-09-24 18:20:22.108 [32m INFO[0;39m [33m[trace-1,,,][0;39m 137680 --- [main] o.s.j.e.a.AnnotationMBeanExporter        : Located managed bean 'environmentManager': registering with JMX server as MBean [org.springframework.cloud.context.environment:name=environmentManager,type=EnvironmentManager]
2017-09-24 18:20:22.120 [32m INFO[0;39m [33m[trace-1,,,][0;39m 137680 --- [main] o.s.j.e.a.AnnotationMBeanExporter        : Located managed bean 'restartEndpoint': registering with JMX server as MBean [org.springframework.cloud.context.restart:name=restartEndpoint,type=RestartEndpoint]
2017-09-24 18:20:22.127 [32m INFO[0;39m [33m[trace-1,,,][0;39m 137680 --- [main] o.s.j.e.a.AnnotationMBeanExporter        : Located managed bean 'refreshScope': registering with JMX server as MBean [org.springframework.cloud.context.scope.refresh:name=refreshScope,type=RefreshScope]
2017-09-24 18:20:22.149 [32m INFO[0;39m [33m[trace-1,,,][0;39m 137680 --- [main] o.s.j.e.a.AnnotationMBeanExporter        : Located managed bean 'integrationMbeanExporter': registering with JMX server as MBean [org.springframework.integration.monitor:name=integrationMbeanExporter,type=IntegrationMBeanExporter]
2017-09-24 18:20:22.166 [32m INFO[0;39m [33m[trace-1,,,][0;39m 137680 --- [main] o.s.j.e.a.AnnotationMBeanExporter        : Located managed bean 'configurationPropertiesRebinder': registering with JMX server as MBean [org.springframework.cloud.context.properties:name=configurationPropertiesRebinder,context=45312be2,type=ConfigurationPropertiesRebinder]
2017-09-24 18:20:22.170 [32m INFO[0;39m [33m[trace-1,,,][0;39m 137680 --- [main] o.s.j.e.a.AnnotationMBeanExporter        : Located managed bean 'refreshEndpoint': registering with JMX server as MBean [org.springframework.cloud.endpoint:name=refreshEndpoint,type=RefreshEndpoint]
2017-09-24 18:20:22.175 [32m INFO[0;39m [33m[trace-1,,,][0;39m 137680 --- [main] o.s.i.monitor.IntegrationMBeanExporter   : Registering beans for JMX exposure on startup
2017-09-24 18:20:22.176 [32m INFO[0;39m [33m[trace-1,,,][0;39m 137680 --- [main] o.s.i.monitor.IntegrationMBeanExporter   : Registering MessageChannel errorChannel
2017-09-24 18:20:22.180 [32m INFO[0;39m [33m[trace-1,,,][0;39m 137680 --- [main] o.s.i.monitor.IntegrationMBeanExporter   : Located managed bean 'org.springframework.integration:type=MessageChannel,name=errorChannel': registering with JMX server as MBean [org.springframework.integration:type=MessageChannel,name=errorChannel]
2017-09-24 18:20:22.211 [32m INFO[0;39m [33m[trace-1,,,][0;39m 137680 --- [main] o.s.i.monitor.IntegrationMBeanExporter   : Registering MessageChannel sleuth
2017-09-24 18:20:22.212 [32m INFO[0;39m [33m[trace-1,,,][0;39m 137680 --- [main] o.s.i.monitor.IntegrationMBeanExporter   : Located managed bean 'org.springframework.integration:type=MessageChannel,name=sleuth': registering with JMX server as MBean [org.springframework.integration:type=MessageChannel,name=sleuth]
2017-09-24 18:20:22.221 [32m INFO[0;39m [33m[trace-1,,,][0;39m 137680 --- [main] o.s.i.monitor.IntegrationMBeanExporter   : Registering MessageChannel nullChannel
2017-09-24 18:20:22.224 [32m INFO[0;39m [33m[trace-1,,,][0;39m 137680 --- [main] o.s.i.monitor.IntegrationMBeanExporter   : Located managed bean 'org.springframework.integration:type=MessageChannel,name=nullChannel': registering with JMX server as MBean [org.springframework.integration:type=MessageChannel,name=nullChannel]
2017-09-24 18:20:22.253 [32m INFO[0;39m [33m[trace-1,,,][0;39m 137680 --- [main] o.s.i.monitor.IntegrationMBeanExporter   : Located managed bean 'org.springframework.integration:type=MessageHandler,name=errorLogger,bean=internal': registering with JMX server as MBean [org.springframework.integration:type=MessageHandler,name=errorLogger,bean=internal]
2017-09-24 18:20:22.315 [32m INFO[0;39m [33m[trace-1,,,][0;39m 137680 --- [main] o.s.i.monitor.IntegrationMBeanExporter   : Located managed bean 'org.springframework.integration:type=MessageSource,name=sleuthStreamSpanReporter.poll.inboundChannelAdapter,bean=endpoint': registering with JMX server as MBean [org.springframework.integration:type=MessageSource,name=sleuthStreamSpanReporter.poll.inboundChannelAdapter,bean=endpoint]
2017-09-24 18:20:22.748 [32m INFO[0;39m [33m[trace-1,,,][0;39m 137680 --- [main] o.s.c.support.DefaultLifecycleProcessor  : Starting beans in phase -2147482648
2017-09-24 18:20:24.098 [32m INFO[0;39m [33m[trace-1,,,][0;39m 137680 --- [main] s.c.a.AnnotationConfigApplicationContext : Refreshing org.springframework.context.annotation.AnnotationConfigApplicationContext@3e61cffd: startup date [Sun Sep 24 18:20:24 CST 2017]; root of context hierarchy
2017-09-24 18:20:24.111 [32m INFO[0;39m [33m[trace-1,,,][0;39m 137680 --- [main] f.a.AutowiredAnnotationBeanPostProcessor : JSR-330 'javax.inject.Inject' annotation found and supported for autowiring
2017-09-24 18:20:24.130 [32m INFO[0;39m [33m[trace-1,,,][0;39m 137680 --- [main] trationDelegate$BeanPostProcessorChecker : Bean 'configurationPropertiesRebinderAutoConfiguration' of type [class org.springframework.cloud.autoconfigure.ConfigurationPropertiesRebinderAutoConfiguration$$EnhancerBySpringCGLIB$$6f9b622d] is not eligible for getting processed by all BeanPostProcessors (for example: not eligible for auto-proxying)
2017-09-24 18:20:25.311 [32m INFO[0;39m [33m[trace-1,,,][0;39m 137680 --- [main] o.s.cloud.commons.util.InetUtils         : Cannot determine local hostname
2017-09-24 18:20:25.343 [32m INFO[0;39m [33m[trace-1,,,][0;39m 137680 --- [main] com.spring.TraceStream1Application       : No active profile set, falling back to default profiles: default
2017-09-24 18:20:25.345 [32m INFO[0;39m [33m[trace-1,,,][0;39m 137680 --- [main] s.c.a.AnnotationConfigApplicationContext : Refreshing org.springframework.context.annotation.AnnotationConfigApplicationContext@7305cfb1: startup date [Sun Sep 24 18:20:25 CST 2017]; parent: org.springframework.boot.context.embedded.AnnotationConfigEmbeddedWebApplicationContext@45312be2
2017-09-24 18:20:25.372 [32m INFO[0;39m [33m[trace-1,,,][0;39m 137680 --- [main] f.a.AutowiredAnnotationBeanPostProcessor : JSR-330 'javax.inject.Inject' annotation found and supported for autowiring
2017-09-24 18:20:25.440 [32m INFO[0;39m [33m[trace-1,,,][0;39m 137680 --- [main] o.s.c.support.GenericApplicationContext  : Refreshing org.springframework.context.support.GenericApplicationContext@361fa478: startup date [Sun Sep 24 18:20:25 CST 2017]; root of context hierarchy
2017-09-24 18:20:25.461 [32m INFO[0;39m [33m[trace-1,,,][0;39m 137680 --- [main] com.spring.TraceStream1Application       : Started TraceStream1Application in 2.696 seconds (JVM running for 21.152)
2017-09-24 18:20:25.832 [32m INFO[0;39m [33m[trace-1,,,][0;39m 137680 --- [main] o.s.a.r.c.CachingConnectionFactory       : Created new connection: SimpleConnection@72bce309 [delegate=amqp://springcloud@127.0.0.1:5672/]
2017-09-24 18:20:25.978 [32m INFO[0;39m [33m[trace-1,,,][0;39m 137680 --- [main] o.s.i.endpoint.EventDrivenConsumer       : Adding {message-handler:outbound.sleuth} as a subscriber to the 'sleuth' channel
2017-09-24 18:20:25.979 [32m INFO[0;39m [33m[trace-1,,,][0;39m 137680 --- [main] o.s.integration.channel.DirectChannel    : Channel 'trace-1:9101.sleuth' has 1 subscriber(s).
2017-09-24 18:20:25.979 [32m INFO[0;39m [33m[trace-1,,,][0;39m 137680 --- [main] o.s.i.endpoint.EventDrivenConsumer       : started outbound.sleuth
2017-09-24 18:20:25.980 [32m INFO[0;39m [33m[trace-1,,,][0;39m 137680 --- [main] o.s.c.support.DefaultLifecycleProcessor  : Starting beans in phase -2147482648
2017-09-24 18:20:25.980 [32m INFO[0;39m [33m[trace-1,,,][0;39m 137680 --- [main] o.s.c.support.DefaultLifecycleProcessor  : Starting beans in phase 0
2017-09-24 18:20:25.987 [32m INFO[0;39m [33m[trace-1,,,][0;39m 137680 --- [main] o.s.c.n.eureka.InstanceInfoFactory       : Setting initial instance status as: STARTING
2017-09-24 18:20:26.407 [32m INFO[0;39m [33m[trace-1,,,][0;39m 137680 --- [main] c.n.d.provider.DiscoveryJerseyProvider   : Using JSON encoding codec LegacyJacksonJson
2017-09-24 18:20:26.414 [32m INFO[0;39m [33m[trace-1,,,][0;39m 137680 --- [main] c.n.d.provider.DiscoveryJerseyProvider   : Using JSON decoding codec LegacyJacksonJson
2017-09-24 18:20:26.537 [32m INFO[0;39m [33m[trace-1,,,][0;39m 137680 --- [main] c.n.d.provider.DiscoveryJerseyProvider   : Using XML encoding codec XStreamXml
2017-09-24 18:20:26.537 [32m INFO[0;39m [33m[trace-1,,,][0;39m 137680 --- [main] c.n.d.provider.DiscoveryJerseyProvider   : Using XML decoding codec XStreamXml
2017-09-24 18:20:26.834 [32m INFO[0;39m [33m[trace-1,,,][0;39m 137680 --- [main] c.n.d.s.r.aws.ConfigClusterResolver      : Resolving eureka endpoints via configuration
2017-09-24 18:20:26.966 [32m INFO[0;39m [33m[trace-1,,,][0;39m 137680 --- [main] com.netflix.discovery.DiscoveryClient    : Disable delta property : false
2017-09-24 18:20:26.966 [32m INFO[0;39m [33m[trace-1,,,][0;39m 137680 --- [main] com.netflix.discovery.DiscoveryClient    : Single vip registry refresh property : null
2017-09-24 18:20:26.967 [32m INFO[0;39m [33m[trace-1,,,][0;39m 137680 --- [main] com.netflix.discovery.DiscoveryClient    : Force full registry fetch : false
2017-09-24 18:20:26.967 [32m INFO[0;39m [33m[trace-1,,,][0;39m 137680 --- [main] com.netflix.discovery.DiscoveryClient    : Application is null : false
2017-09-24 18:20:26.967 [32m INFO[0;39m [33m[trace-1,,,][0;39m 137680 --- [main] com.netflix.discovery.DiscoveryClient    : Registered Applications size is zero : true
2017-09-24 18:20:26.967 [32m INFO[0;39m [33m[trace-1,,,][0;39m 137680 --- [main] com.netflix.discovery.DiscoveryClient    : Application version is -1: true
2017-09-24 18:20:26.967 [32m INFO[0;39m [33m[trace-1,,,][0;39m 137680 --- [main] com.netflix.discovery.DiscoveryClient    : Getting all instance registry info from the eureka server
2017-09-24 18:20:27.348 [32m INFO[0;39m [33m[trace-1,,,][0;39m 137680 --- [main] com.netflix.discovery.DiscoveryClient    : The response status is 200
2017-09-24 18:20:27.349 [32m INFO[0;39m [33m[trace-1,,,][0;39m 137680 --- [main] com.netflix.discovery.DiscoveryClient    : Starting heartbeat executor: renew interval is: 30
2017-09-24 18:20:27.350 [32m INFO[0;39m [33m[trace-1,,,][0;39m 137680 --- [main] c.n.discovery.InstanceInfoReplicator     : InstanceInfoReplicator onDemand update allowed rate per min is 4
2017-09-24 18:20:27.352 [32m INFO[0;39m [33m[trace-1,,,][0;39m 137680 --- [main] com.netflix.discovery.DiscoveryClient    : Discovery Client initialized at timestamp 1506248427352 with initial instances count: 3
2017-09-24 18:20:27.409 [32m INFO[0;39m [33m[trace-1,,,][0;39m 137680 --- [main] c.n.e.EurekaDiscoveryClientConfiguration : Registering application trace-1 with eureka with status UP
2017-09-24 18:20:27.410 [32m INFO[0;39m [33m[trace-1,,,][0;39m 137680 --- [main] com.netflix.discovery.DiscoveryClient    : Saw local status change event StatusChangeEvent [timestamp=1506248427410, current=UP, previous=STARTING]
2017-09-24 18:20:27.411 [32m INFO[0;39m [33m[trace-1,,,][0;39m 137680 --- [DiscoveryClient-InstanceInfoReplicator-0] com.netflix.discovery.DiscoveryClient    : DiscoveryClient_TRACE-1/localhost:trace-1:9101: registering service...
2017-09-24 18:20:27.454 [32m INFO[0;39m [33m[trace-1,,,][0;39m 137680 --- [main] o.s.i.endpoint.EventDrivenConsumer       : Adding {logging-channel-adapter:_org.springframework.integration.errorLogger} as a subscriber to the 'errorChannel' channel
2017-09-24 18:20:27.454 [32m INFO[0;39m [33m[trace-1,,,][0;39m 137680 --- [main] o.s.i.channel.PublishSubscribeChannel    : Channel 'trace-1:9101.errorChannel' has 1 subscriber(s).
2017-09-24 18:20:27.455 [32m INFO[0;39m [33m[trace-1,,,][0;39m 137680 --- [main] o.s.i.endpoint.EventDrivenConsumer       : started _org.springframework.integration.errorLogger
2017-09-24 18:20:27.507 [32m INFO[0;39m [33m[trace-1,,,][0;39m 137680 --- [main] o.s.i.e.SourcePollingChannelAdapter      : started sleuthStreamSpanReporter.poll.inboundChannelAdapter
2017-09-24 18:20:27.508 [32m INFO[0;39m [33m[trace-1,,,][0;39m 137680 --- [main] o.s.c.support.DefaultLifecycleProcessor  : Starting beans in phase 2147482647
2017-09-24 18:20:27.512 [32m INFO[0;39m [33m[trace-1,,,][0;39m 137680 --- [main] o.s.c.support.DefaultLifecycleProcessor  : Starting beans in phase 2147483647
2017-09-24 18:20:27.512 [32m INFO[0;39m [33m[trace-1,,,][0;39m 137680 --- [main] o.s.c.support.DefaultLifecycleProcessor  : Starting beans in phase 0
2017-09-24 18:20:27.512 [32m INFO[0;39m [33m[trace-1,,,][0;39m 137680 --- [main] o.s.c.support.DefaultLifecycleProcessor  : Starting beans in phase 2147482647
2017-09-24 18:20:27.513 [32m INFO[0;39m [33m[trace-1,,,][0;39m 137680 --- [main] o.s.c.support.DefaultLifecycleProcessor  : Starting beans in phase 2147483647
2017-09-24 18:20:27.757 [32m INFO[0;39m [33m[trace-1,,,][0;39m 137680 --- [main] s.b.c.e.t.TomcatEmbeddedServletContainer : Tomcat started on port(s): 9101 (http)
2017-09-24 18:20:27.758 [32m INFO[0;39m [33m[trace-1,,,][0;39m 137680 --- [main] c.n.e.EurekaDiscoveryClientConfiguration : Updating port to 9101
2017-09-24 18:20:27.760 [32m INFO[0;39m [33m[trace-1,,,][0;39m 137680 --- [main] com.spring.TraceStream1Application       : Started TraceStream1Application in 20.341 seconds (JVM running for 23.45)
2017-09-24 18:20:28.049 [32m INFO[0;39m [33m[trace-1,,,][0;39m 137680 --- [DiscoveryClient-InstanceInfoReplicator-0] com.netflix.discovery.DiscoveryClient    : DiscoveryClient_TRACE-1/localhost:trace-1:9101 - registration status: 204
2017-09-24 18:25:26.969 [32m INFO[0;39m [33m[trace-1,,,][0;39m 137680 --- [AsyncResolver-bootstrap-executor-0] c.n.d.s.r.aws.ConfigClusterResolver      : Resolving eureka endpoints via configuration
2017-09-24 18:30:26.970 [32m INFO[0;39m [33m[trace-1,,,][0;39m 137680 --- [AsyncResolver-bootstrap-executor-0] c.n.d.s.r.aws.ConfigClusterResolver      : Resolving eureka endpoints via configuration
