2017-09-24 16:26:47.016 [32m INFO[0;39m [33m[trace-2,,,][0;39m 140488 --- [main] com.spring.TraceStream2Application       : No active profile set, falling back to default profiles: default
2017-09-24 16:26:47.047 [32m INFO[0;39m [33m[trace-2,,,][0;39m 140488 --- [main] ationConfigEmbeddedWebApplicationContext : Refreshing org.springframework.boot.context.embedded.AnnotationConfigEmbeddedWebApplicationContext@45312be2: startup date [Sun Sep 24 16:26:47 CST 2017]; parent: org.springframework.context.annotation.AnnotationConfigApplicationContext@1fa268de
2017-09-24 16:26:47.955 [32m INFO[0;39m [33m[trace-2,,,][0;39m 140488 --- [main] o.s.b.f.config.PropertiesFactoryBean     : Loading properties file from URL [jar:file:/D:/maven/loozb/org/springframework/integration/spring-integration-core/4.2.9.RELEASE/spring-integration-core-4.2.9.RELEASE.jar!/META-INF/spring.integration.default.properties]
2017-09-24 16:26:47.959 [32m INFO[0;39m [33m[trace-2,,,][0;39m 140488 --- [main] o.s.i.config.IntegrationRegistrar        : No bean named 'integrationHeaderChannelRegistry' has been explicitly defined. Therefore, a default DefaultHeaderChannelRegistry will be created.
2017-09-24 16:26:48.200 [33m WARN[0;39m [33m[trace-2,,,][0;39m 140488 --- [main] o.s.c.a.ConfigurationClassPostProcessor  : Cannot enhance @Configuration bean definition 'refreshScope' since its singleton instance has been created too early. The typical cause is a non-static @Bean method with a BeanDefinitionRegistryPostProcessor return type: Consider declaring such methods as 'static'.
2017-09-24 16:26:48.431 [32m INFO[0;39m [33m[trace-2,,,][0;39m 140488 --- [main] o.s.cloud.context.scope.GenericScope     : BeanFactory id=7761c16b-9e79-31c3-be98-25046707b92f
2017-09-24 16:26:48.482 [32m INFO[0;39m [33m[trace-2,,,][0;39m 140488 --- [main] faultConfiguringBeanFactoryPostProcessor : No bean named 'errorChannel' has been explicitly defined. Therefore, a default PublishSubscribeChannel will be created.
2017-09-24 16:26:48.485 [32m INFO[0;39m [33m[trace-2,,,][0;39m 140488 --- [main] faultConfiguringBeanFactoryPostProcessor : No bean named 'taskScheduler' has been explicitly defined. Therefore, a default ThreadPoolTaskScheduler will be created.
2017-09-24 16:26:48.505 [32m INFO[0;39m [33m[trace-2,,,][0;39m 140488 --- [main] f.a.AutowiredAnnotationBeanPostProcessor : JSR-330 'javax.inject.Inject' annotation found and supported for autowiring
2017-09-24 16:26:48.514 [32m INFO[0;39m [33m[trace-2,,,][0;39m 140488 --- [main] trationDelegate$BeanPostProcessorChecker : Bean 'org.springframework.amqp.rabbit.annotation.RabbitBootstrapConfiguration' of type [class org.springframework.amqp.rabbit.annotation.RabbitBootstrapConfiguration$$EnhancerBySpringCGLIB$$19ed1d5e] is not eligible for getting processed by all BeanPostProcessors (for example: not eligible for auto-proxying)
2017-09-24 16:26:48.626 [32m INFO[0;39m [33m[trace-2,,,][0;39m 140488 --- [main] trationDelegate$BeanPostProcessorChecker : Bean 'org.springframework.cloud.sleuth.instrument.async.AsyncDefaultAutoConfiguration$DefaultAsyncConfigurerSupport' of type [class org.springframework.cloud.sleuth.instrument.async.AsyncDefaultAutoConfiguration$DefaultAsyncConfigurerSupport$$EnhancerBySpringCGLIB$$90c2fcf3] is not eligible for getting processed by all BeanPostProcessors (for example: not eligible for auto-proxying)
2017-09-24 16:26:48.977 [32m INFO[0;39m [33m[trace-2,,,][0;39m 140488 --- [main] trationDelegate$BeanPostProcessorChecker : Bean 'org.springframework.cloud.stream.config.ChannelBindingServiceConfiguration$PostProcessorConfiguration' of type [class org.springframework.cloud.stream.config.ChannelBindingServiceConfiguration$PostProcessorConfiguration$$EnhancerBySpringCGLIB$$4b4bf7bc] is not eligible for getting processed by all BeanPostProcessors (for example: not eligible for auto-proxying)
2017-09-24 16:26:49.096 [32m INFO[0;39m [33m[trace-2,,,][0;39m 140488 --- [main] trationDelegate$BeanPostProcessorChecker : Bean 'org.springframework.cloud.autoconfigure.ConfigurationPropertiesRebinderAutoConfiguration' of type [class org.springframework.cloud.autoconfigure.ConfigurationPropertiesRebinderAutoConfiguration$$EnhancerBySpringCGLIB$$6f9b622d] is not eligible for getting processed by all BeanPostProcessors (for example: not eligible for auto-proxying)
2017-09-24 16:26:49.115 [32m INFO[0;39m [33m[trace-2,,,][0;39m 140488 --- [main] trationDelegate$BeanPostProcessorChecker : Bean 'org.springframework.cloud.autoconfigure.RefreshEndpointAutoConfiguration' of type [class org.springframework.cloud.autoconfigure.RefreshEndpointAutoConfiguration$$EnhancerBySpringCGLIB$$18fa6423] is not eligible for getting processed by all BeanPostProcessors (for example: not eligible for auto-proxying)
2017-09-24 16:26:50.237 [32m INFO[0;39m [33m[trace-2,,,][0;39m 140488 --- [main] s.b.c.e.t.TomcatEmbeddedServletContainer : Tomcat initialized with port(s): 9102 (http)
2017-09-24 16:26:50.268 [32m INFO[0;39m [33m[trace-2,,,][0;39m 140488 --- [main] o.apache.catalina.core.StandardService   : Starting service Tomcat
2017-09-24 16:26:50.285 [32m INFO[0;39m [33m[trace-2,,,][0;39m 140488 --- [main] org.apache.catalina.core.StandardEngine  : Starting Servlet Engine: Apache Tomcat/8.0.36
2017-09-24 16:26:50.449 [32m INFO[0;39m [33m[trace-2,,,][0;39m 140488 --- [localhost-startStop-1] o.a.c.c.C.[Tomcat].[localhost].[/]       : Initializing Spring embedded WebApplicationContext
2017-09-24 16:26:50.450 [32m INFO[0;39m [33m[trace-2,,,][0;39m 140488 --- [localhost-startStop-1] o.s.web.context.ContextLoader            : Root WebApplicationContext: initialization completed in 3403 ms
2017-09-24 16:26:52.015 [32m INFO[0;39m [33m[trace-2,,,][0;39m 140488 --- [localhost-startStop-1] o.s.cloud.commons.util.InetUtils         : Cannot determine local hostname
2017-09-24 16:26:53.073 [32m INFO[0;39m [33m[trace-2,,,][0;39m 140488 --- [localhost-startStop-1] o.s.b.f.config.PropertiesFactoryBean     : Loading properties file from URL [jar:file:/D:/maven/loozb/org/springframework/integration/spring-integration-core/4.2.9.RELEASE/spring-integration-core-4.2.9.RELEASE.jar!/META-INF/spring.integration.default.properties]
2017-09-24 16:26:53.762 [32m INFO[0;39m [33m[trace-2,,,][0;39m 140488 --- [localhost-startStop-1] o.s.b.c.embedded.FilterRegistrationBean  : Mapping filter: 'metricFilter' to: [/*]
2017-09-24 16:26:53.762 [32m INFO[0;39m [33m[trace-2,,,][0;39m 140488 --- [localhost-startStop-1] o.s.b.c.embedded.FilterRegistrationBean  : Mapping filter: 'characterEncodingFilter' to: [/*]
2017-09-24 16:26:53.763 [32m INFO[0;39m [33m[trace-2,,,][0;39m 140488 --- [localhost-startStop-1] o.s.b.c.embedded.FilterRegistrationBean  : Mapping filter: 'traceFilter' to: [/*]
2017-09-24 16:26:53.763 [32m INFO[0;39m [33m[trace-2,,,][0;39m 140488 --- [localhost-startStop-1] o.s.b.c.embedded.FilterRegistrationBean  : Mapping filter: 'hiddenHttpMethodFilter' to: [/*]
2017-09-24 16:26:53.763 [32m INFO[0;39m [33m[trace-2,,,][0;39m 140488 --- [localhost-startStop-1] o.s.b.c.embedded.FilterRegistrationBean  : Mapping filter: 'httpPutFormContentFilter' to: [/*]
2017-09-24 16:26:53.763 [32m INFO[0;39m [33m[trace-2,,,][0;39m 140488 --- [localhost-startStop-1] o.s.b.c.embedded.FilterRegistrationBean  : Mapping filter: 'requestContextFilter' to: [/*]
2017-09-24 16:26:53.763 [32m INFO[0;39m [33m[trace-2,,,][0;39m 140488 --- [localhost-startStop-1] o.s.b.c.embedded.FilterRegistrationBean  : Mapping filter: 'webRequestLoggingFilter' to: [/*]
2017-09-24 16:26:53.764 [32m INFO[0;39m [33m[trace-2,,,][0;39m 140488 --- [localhost-startStop-1] o.s.b.c.embedded.FilterRegistrationBean  : Mapping filter: 'applicationContextIdFilter' to: [/*]
2017-09-24 16:26:53.764 [32m INFO[0;39m [33m[trace-2,,,][0;39m 140488 --- [localhost-startStop-1] o.s.b.c.e.ServletRegistrationBean        : Mapping servlet: 'dispatcherServlet' to [/]
2017-09-24 16:26:54.793 [32m INFO[0;39m [33m[trace-2,,,][0;39m 140488 --- [main] s.w.s.m.m.a.RequestMappingHandlerAdapter : Looking for @ControllerAdvice: org.springframework.boot.context.embedded.AnnotationConfigEmbeddedWebApplicationContext@45312be2: startup date [Sun Sep 24 16:26:47 CST 2017]; parent: org.springframework.context.annotation.AnnotationConfigApplicationContext@1fa268de
2017-09-24 16:26:54.931 [32m INFO[0;39m [33m[trace-2,,,][0;39m 140488 --- [main] s.w.s.m.m.a.RequestMappingHandlerMapping : Mapped "{[/trace-2],methods=[GET]}" onto public java.lang.String com.spring.TraceStream2Application.trace(javax.servlet.http.HttpServletRequest)
2017-09-24 16:26:54.939 [32m INFO[0;39m [33m[trace-2,,,][0;39m 140488 --- [main] s.w.s.m.m.a.RequestMappingHandlerMapping : Mapped "{[/error]}" onto public org.springframework.http.ResponseEntity<java.util.Map<java.lang.String, java.lang.Object>> org.springframework.boot.autoconfigure.web.BasicErrorController.error(javax.servlet.http.HttpServletRequest)
2017-09-24 16:26:54.940 [32m INFO[0;39m [33m[trace-2,,,][0;39m 140488 --- [main] s.w.s.m.m.a.RequestMappingHandlerMapping : Mapped "{[/error],produces=[text/html]}" onto public org.springframework.web.servlet.ModelAndView org.springframework.boot.autoconfigure.web.BasicErrorController.errorHtml(javax.servlet.http.HttpServletRequest,javax.servlet.http.HttpServletResponse)
2017-09-24 16:26:55.049 [32m INFO[0;39m [33m[trace-2,,,][0;39m 140488 --- [main] o.s.w.s.handler.SimpleUrlHandlerMapping  : Mapped URL path [/webjars/**] onto handler of type [class org.springframework.web.servlet.resource.ResourceHttpRequestHandler]
2017-09-24 16:26:55.050 [32m INFO[0;39m [33m[trace-2,,,][0;39m 140488 --- [main] o.s.w.s.handler.SimpleUrlHandlerMapping  : Mapped URL path [/**] onto handler of type [class org.springframework.web.servlet.resource.ResourceHttpRequestHandler]
2017-09-24 16:26:55.123 [32m INFO[0;39m [33m[trace-2,,,][0;39m 140488 --- [main] o.s.w.s.handler.SimpleUrlHandlerMapping  : Mapped URL path [/**/favicon.ico] onto handler of type [class org.springframework.web.servlet.resource.ResourceHttpRequestHandler]
2017-09-24 16:26:55.940 [32m INFO[0;39m [33m[trace-2,,,][0;39m 140488 --- [main] o.s.s.c.ThreadPoolTaskScheduler          : Initializing ExecutorService  'taskScheduler'
2017-09-24 16:26:57.130 [32m INFO[0;39m [33m[trace-2,,,][0;39m 140488 --- [main] o.s.b.a.e.mvc.EndpointHandlerMapping     : Mapped "{[/health || /health.json],produces=[application/json]}" onto public java.lang.Object org.springframework.boot.actuate.endpoint.mvc.HealthMvcEndpoint.invoke(java.security.Principal)
2017-09-24 16:26:57.131 [32m INFO[0;39m [33m[trace-2,,,][0;39m 140488 --- [main] o.s.b.a.e.mvc.EndpointHandlerMapping     : Mapped "{[/metrics/{name:.*}],methods=[GET],produces=[application/json]}" onto public java.lang.Object org.springframework.boot.actuate.endpoint.mvc.MetricsMvcEndpoint.value(java.lang.String)
2017-09-24 16:26:57.131 [32m INFO[0;39m [33m[trace-2,,,][0;39m 140488 --- [main] o.s.b.a.e.mvc.EndpointHandlerMapping     : Mapped "{[/metrics || /metrics.json],methods=[GET],produces=[application/json]}" onto public java.lang.Object org.springframework.boot.actuate.endpoint.mvc.EndpointMvcAdapter.invoke()
2017-09-24 16:26:57.132 [32m INFO[0;39m [33m[trace-2,,,][0;39m 140488 --- [main] o.s.b.a.e.mvc.EndpointHandlerMapping     : Mapped "{[/env],methods=[POST]}" onto public java.lang.Object org.springframework.cloud.context.environment.EnvironmentManagerMvcEndpoint.value(java.util.Map<java.lang.String, java.lang.String>)
2017-09-24 16:26:57.132 [32m INFO[0;39m [33m[trace-2,,,][0;39m 140488 --- [main] o.s.b.a.e.mvc.EndpointHandlerMapping     : Mapped "{[/env/reset],methods=[POST]}" onto public java.util.Map<java.lang.String, java.lang.Object> org.springframework.cloud.context.environment.EnvironmentManagerMvcEndpoint.reset()
2017-09-24 16:26:57.132 [32m INFO[0;39m [33m[trace-2,,,][0;39m 140488 --- [main] o.s.b.a.e.mvc.EndpointHandlerMapping     : Mapped "{[/restart || /restart.json],methods=[POST]}" onto public java.lang.Object org.springframework.cloud.context.restart.RestartMvcEndpoint.invoke()
2017-09-24 16:26:57.135 [32m INFO[0;39m [33m[trace-2,,,][0;39m 140488 --- [main] o.s.b.a.e.mvc.EndpointHandlerMapping     : Mapped "{[/features || /features.json],methods=[GET],produces=[application/json]}" onto public java.lang.Object org.springframework.boot.actuate.endpoint.mvc.EndpointMvcAdapter.invoke()
2017-09-24 16:26:57.137 [32m INFO[0;39m [33m[trace-2,,,][0;39m 140488 --- [main] o.s.b.a.e.mvc.EndpointHandlerMapping     : Mapped "{[/archaius || /archaius.json],methods=[GET],produces=[application/json]}" onto public java.lang.Object org.springframework.boot.actuate.endpoint.mvc.EndpointMvcAdapter.invoke()
2017-09-24 16:26:57.137 [32m INFO[0;39m [33m[trace-2,,,][0;39m 140488 --- [main] o.s.b.a.e.mvc.EndpointHandlerMapping     : Mapped "{[/channels || /channels.json],methods=[GET],produces=[application/json]}" onto public java.lang.Object org.springframework.boot.actuate.endpoint.mvc.EndpointMvcAdapter.invoke()
2017-09-24 16:26:57.137 [32m INFO[0;39m [33m[trace-2,,,][0;39m 140488 --- [main] o.s.b.a.e.mvc.EndpointHandlerMapping     : Mapped "{[/autoconfig || /autoconfig.json],methods=[GET],produces=[application/json]}" onto public java.lang.Object org.springframework.boot.actuate.endpoint.mvc.EndpointMvcAdapter.invoke()
2017-09-24 16:26:57.138 [32m INFO[0;39m [33m[trace-2,,,][0;39m 140488 --- [main] o.s.b.a.e.mvc.EndpointHandlerMapping     : Mapped "{[/trace || /trace.json],methods=[GET],produces=[application/json]}" onto public java.lang.Object org.springframework.boot.actuate.endpoint.mvc.EndpointMvcAdapter.invoke()
2017-09-24 16:26:57.142 [32m INFO[0;39m [33m[trace-2,,,][0;39m 140488 --- [main] o.s.b.a.e.mvc.EndpointHandlerMapping     : Mapped "{[/beans || /beans.json],methods=[GET],produces=[application/json]}" onto public java.lang.Object org.springframework.boot.actuate.endpoint.mvc.EndpointMvcAdapter.invoke()
2017-09-24 16:26:57.143 [32m INFO[0;39m [33m[trace-2,,,][0;39m 140488 --- [main] o.s.b.a.e.mvc.EndpointHandlerMapping     : Mapped "{[/env/{name:.*}],methods=[GET],produces=[application/json]}" onto public java.lang.Object org.springframework.boot.actuate.endpoint.mvc.EnvironmentMvcEndpoint.value(java.lang.String)
2017-09-24 16:26:57.143 [32m INFO[0;39m [33m[trace-2,,,][0;39m 140488 --- [main] o.s.b.a.e.mvc.EndpointHandlerMapping     : Mapped "{[/env || /env.json],methods=[GET],produces=[application/json]}" onto public java.lang.Object org.springframework.boot.actuate.endpoint.mvc.EndpointMvcAdapter.invoke()
2017-09-24 16:26:57.145 [32m INFO[0;39m [33m[trace-2,,,][0;39m 140488 --- [main] o.s.b.a.e.mvc.EndpointHandlerMapping     : Mapped "{[/configprops || /configprops.json],methods=[GET],produces=[application/json]}" onto public java.lang.Object org.springframework.boot.actuate.endpoint.mvc.EndpointMvcAdapter.invoke()
2017-09-24 16:26:57.147 [32m INFO[0;39m [33m[trace-2,,,][0;39m 140488 --- [main] o.s.b.a.e.mvc.EndpointHandlerMapping     : Mapped "{[/pause || /pause.json],methods=[POST]}" onto public java.lang.Object org.springframework.cloud.endpoint.GenericPostableMvcEndpoint.invoke()
2017-09-24 16:26:57.148 [32m INFO[0;39m [33m[trace-2,,,][0;39m 140488 --- [main] o.s.b.a.e.mvc.EndpointHandlerMapping     : Mapped "{[/info || /info.json],methods=[GET],produces=[application/json]}" onto public java.lang.Object org.springframework.boot.actuate.endpoint.mvc.EndpointMvcAdapter.invoke()
2017-09-24 16:26:57.149 [32m INFO[0;39m [33m[trace-2,,,][0;39m 140488 --- [main] o.s.b.a.e.mvc.EndpointHandlerMapping     : Mapped "{[/dump || /dump.json],methods=[GET],produces=[application/json]}" onto public java.lang.Object org.springframework.boot.actuate.endpoint.mvc.EndpointMvcAdapter.invoke()
2017-09-24 16:26:57.149 [32m INFO[0;39m [33m[trace-2,,,][0;39m 140488 --- [main] o.s.b.a.e.mvc.EndpointHandlerMapping     : Mapped "{[/refresh || /refresh.json],methods=[POST]}" onto public java.lang.Object org.springframework.cloud.endpoint.GenericPostableMvcEndpoint.invoke()
2017-09-24 16:26:57.150 [32m INFO[0;39m [33m[trace-2,,,][0;39m 140488 --- [main] o.s.b.a.e.mvc.EndpointHandlerMapping     : Mapped "{[/logfile || /logfile.json],methods=[GET || HEAD]}" onto public void org.springframework.boot.actuate.endpoint.mvc.LogFileMvcEndpoint.invoke(javax.servlet.http.HttpServletRequest,javax.servlet.http.HttpServletResponse) throws javax.servlet.ServletException,java.io.IOException
2017-09-24 16:26:57.150 [32m INFO[0;39m [33m[trace-2,,,][0;39m 140488 --- [main] o.s.b.a.e.mvc.EndpointHandlerMapping     : Mapped "{[/mappings || /mappings.json],methods=[GET],produces=[application/json]}" onto public java.lang.Object org.springframework.boot.actuate.endpoint.mvc.EndpointMvcAdapter.invoke()
2017-09-24 16:26:57.151 [32m INFO[0;39m [33m[trace-2,,,][0;39m 140488 --- [main] o.s.b.a.e.mvc.EndpointHandlerMapping     : Mapped "{[/resume || /resume.json],methods=[POST]}" onto public java.lang.Object org.springframework.cloud.endpoint.GenericPostableMvcEndpoint.invoke()
2017-09-24 16:26:57.329 [33m WARN[0;39m [33m[trace-2,,,][0;39m 140488 --- [main] c.n.c.sources.URLConfigurationSource     : No URLs will be polled as dynamic configuration sources.
2017-09-24 16:26:57.329 [32m INFO[0;39m [33m[trace-2,,,][0;39m 140488 --- [main] c.n.c.sources.URLConfigurationSource     : To enable URLs as dynamic configuration sources, define System property archaius.configurationSource.additionalUrls or make config.properties available on classpath.
2017-09-24 16:26:57.334 [33m WARN[0;39m [33m[trace-2,,,][0;39m 140488 --- [main] c.n.c.sources.URLConfigurationSource     : No URLs will be polled as dynamic configuration sources.
2017-09-24 16:26:57.334 [32m INFO[0;39m [33m[trace-2,,,][0;39m 140488 --- [main] c.n.c.sources.URLConfigurationSource     : To enable URLs as dynamic configuration sources, define System property archaius.configurationSource.additionalUrls or make config.properties available on classpath.
2017-09-24 16:26:57.595 [32m INFO[0;39m [33m[trace-2,,,][0;39m 140488 --- [main] o.s.s.c.ThreadPoolTaskScheduler          : Initializing ExecutorService 
2017-09-24 16:26:57.746 [32m INFO[0;39m [33m[trace-2,,,][0;39m 140488 --- [main] o.s.i.codec.kryo.CompositeKryoRegistrar  : configured Kryo registration [40, java.io.File] with serializer org.springframework.integration.codec.kryo.FileSerializer
2017-09-24 16:26:57.999 [32m INFO[0;39m [33m[trace-2,,,][0;39m 140488 --- [main] o.s.j.e.a.AnnotationMBeanExporter        : Registering beans for JMX exposure on startup
2017-09-24 16:26:58.012 [32m INFO[0;39m [33m[trace-2,,,][0;39m 140488 --- [main] o.s.j.e.a.AnnotationMBeanExporter        : Bean with name 'refreshScope' has been autodetected for JMX exposure
2017-09-24 16:26:58.013 [32m INFO[0;39m [33m[trace-2,,,][0;39m 140488 --- [main] o.s.j.e.a.AnnotationMBeanExporter        : Bean with name 'environmentManager' has been autodetected for JMX exposure
2017-09-24 16:26:58.014 [32m INFO[0;39m [33m[trace-2,,,][0;39m 140488 --- [main] o.s.j.e.a.AnnotationMBeanExporter        : Bean with name 'integrationMbeanExporter' has been autodetected for JMX exposure
2017-09-24 16:26:58.016 [32m INFO[0;39m [33m[trace-2,,,][0;39m 140488 --- [main] o.s.j.e.a.AnnotationMBeanExporter        : Bean with name 'configurationPropertiesRebinder' has been autodetected for JMX exposure
2017-09-24 16:26:58.017 [32m INFO[0;39m [33m[trace-2,,,][0;39m 140488 --- [main] o.s.j.e.a.AnnotationMBeanExporter        : Bean with name 'refreshEndpoint' has been autodetected for JMX exposure
2017-09-24 16:26:58.018 [32m INFO[0;39m [33m[trace-2,,,][0;39m 140488 --- [main] o.s.j.e.a.AnnotationMBeanExporter        : Bean with name 'restartEndpoint' has been autodetected for JMX exposure
2017-09-24 16:26:58.023 [32m INFO[0;39m [33m[trace-2,,,][0;39m 140488 --- [main] o.s.j.e.a.AnnotationMBeanExporter        : Located managed bean 'environmentManager': registering with JMX server as MBean [org.springframework.cloud.context.environment:name=environmentManager,type=EnvironmentManager]
2017-09-24 16:26:58.065 [32m INFO[0;39m [33m[trace-2,,,][0;39m 140488 --- [main] o.s.j.e.a.AnnotationMBeanExporter        : Located managed bean 'restartEndpoint': registering with JMX server as MBean [org.springframework.cloud.context.restart:name=restartEndpoint,type=RestartEndpoint]
2017-09-24 16:26:58.082 [32m INFO[0;39m [33m[trace-2,,,][0;39m 140488 --- [main] o.s.j.e.a.AnnotationMBeanExporter        : Located managed bean 'refreshScope': registering with JMX server as MBean [org.springframework.cloud.context.scope.refresh:name=refreshScope,type=RefreshScope]
2017-09-24 16:26:58.090 [32m INFO[0;39m [33m[trace-2,,,][0;39m 140488 --- [main] o.s.j.e.a.AnnotationMBeanExporter        : Located managed bean 'integrationMbeanExporter': registering with JMX server as MBean [org.springframework.integration.monitor:name=integrationMbeanExporter,type=IntegrationMBeanExporter]
2017-09-24 16:26:58.128 [32m INFO[0;39m [33m[trace-2,,,][0;39m 140488 --- [main] o.s.j.e.a.AnnotationMBeanExporter        : Located managed bean 'configurationPropertiesRebinder': registering with JMX server as MBean [org.springframework.cloud.context.properties:name=configurationPropertiesRebinder,context=45312be2,type=ConfigurationPropertiesRebinder]
2017-09-24 16:26:58.130 [32m INFO[0;39m [33m[trace-2,,,][0;39m 140488 --- [main] o.s.j.e.a.AnnotationMBeanExporter        : Located managed bean 'refreshEndpoint': registering with JMX server as MBean [org.springframework.cloud.endpoint:name=refreshEndpoint,type=RefreshEndpoint]
2017-09-24 16:26:58.133 [32m INFO[0;39m [33m[trace-2,,,][0;39m 140488 --- [main] o.s.i.monitor.IntegrationMBeanExporter   : Registering beans for JMX exposure on startup
2017-09-24 16:26:58.134 [32m INFO[0;39m [33m[trace-2,,,][0;39m 140488 --- [main] o.s.i.monitor.IntegrationMBeanExporter   : Registering MessageChannel sleuth
2017-09-24 16:26:58.137 [32m INFO[0;39m [33m[trace-2,,,][0;39m 140488 --- [main] o.s.i.monitor.IntegrationMBeanExporter   : Located managed bean 'org.springframework.integration:type=MessageChannel,name=sleuth': registering with JMX server as MBean [org.springframework.integration:type=MessageChannel,name=sleuth]
2017-09-24 16:26:58.157 [32m INFO[0;39m [33m[trace-2,,,][0;39m 140488 --- [main] o.s.i.monitor.IntegrationMBeanExporter   : Registering MessageChannel errorChannel
2017-09-24 16:26:58.159 [32m INFO[0;39m [33m[trace-2,,,][0;39m 140488 --- [main] o.s.i.monitor.IntegrationMBeanExporter   : Located managed bean 'org.springframework.integration:type=MessageChannel,name=errorChannel': registering with JMX server as MBean [org.springframework.integration:type=MessageChannel,name=errorChannel]
2017-09-24 16:26:58.171 [32m INFO[0;39m [33m[trace-2,,,][0;39m 140488 --- [main] o.s.i.monitor.IntegrationMBeanExporter   : Registering MessageChannel nullChannel
2017-09-24 16:26:58.173 [32m INFO[0;39m [33m[trace-2,,,][0;39m 140488 --- [main] o.s.i.monitor.IntegrationMBeanExporter   : Located managed bean 'org.springframework.integration:type=MessageChannel,name=nullChannel': registering with JMX server as MBean [org.springframework.integration:type=MessageChannel,name=nullChannel]
2017-09-24 16:26:58.184 [32m INFO[0;39m [33m[trace-2,,,][0;39m 140488 --- [main] o.s.i.monitor.IntegrationMBeanExporter   : Located managed bean 'org.springframework.integration:type=MessageHandler,name=errorLogger,bean=internal': registering with JMX server as MBean [org.springframework.integration:type=MessageHandler,name=errorLogger,bean=internal]
2017-09-24 16:26:58.243 [32m INFO[0;39m [33m[trace-2,,,][0;39m 140488 --- [main] o.s.i.monitor.IntegrationMBeanExporter   : Located managed bean 'org.springframework.integration:type=MessageSource,name=sleuthStreamSpanReporter.poll.inboundChannelAdapter,bean=endpoint': registering with JMX server as MBean [org.springframework.integration:type=MessageSource,name=sleuthStreamSpanReporter.poll.inboundChannelAdapter,bean=endpoint]
2017-09-24 16:26:58.531 [32m INFO[0;39m [33m[trace-2,,,][0;39m 140488 --- [main] o.s.c.support.DefaultLifecycleProcessor  : Starting beans in phase -2147482648
2017-09-24 16:26:59.678 [32m INFO[0;39m [33m[trace-2,,,][0;39m 140488 --- [main] s.c.a.AnnotationConfigApplicationContext : Refreshing org.springframework.context.annotation.AnnotationConfigApplicationContext@64540344: startup date [Sun Sep 24 16:26:59 CST 2017]; root of context hierarchy
2017-09-24 16:26:59.699 [32m INFO[0;39m [33m[trace-2,,,][0;39m 140488 --- [main] f.a.AutowiredAnnotationBeanPostProcessor : JSR-330 'javax.inject.Inject' annotation found and supported for autowiring
2017-09-24 16:26:59.699 [32m INFO[0;39m [33m[trace-2,,,][0;39m 140488 --- [main] trationDelegate$BeanPostProcessorChecker : Bean 'configurationPropertiesRebinderAutoConfiguration' of type [class org.springframework.cloud.autoconfigure.ConfigurationPropertiesRebinderAutoConfiguration$$EnhancerBySpringCGLIB$$6f9b622d] is not eligible for getting processed by all BeanPostProcessors (for example: not eligible for auto-proxying)
2017-09-24 16:27:00.816 [32m INFO[0;39m [33m[trace-2,,,][0;39m 140488 --- [main] o.s.cloud.commons.util.InetUtils         : Cannot determine local hostname
2017-09-24 16:27:00.831 [32m INFO[0;39m [33m[trace-2,,,][0;39m 140488 --- [main] com.spring.TraceStream2Application       : No active profile set, falling back to default profiles: default
2017-09-24 16:27:00.831 [32m INFO[0;39m [33m[trace-2,,,][0;39m 140488 --- [main] s.c.a.AnnotationConfigApplicationContext : Refreshing org.springframework.context.annotation.AnnotationConfigApplicationContext@47f0e078: startup date [Sun Sep 24 16:27:00 CST 2017]; parent: org.springframework.boot.context.embedded.AnnotationConfigEmbeddedWebApplicationContext@45312be2
2017-09-24 16:27:00.847 [32m INFO[0;39m [33m[trace-2,,,][0;39m 140488 --- [main] f.a.AutowiredAnnotationBeanPostProcessor : JSR-330 'javax.inject.Inject' annotation found and supported for autowiring
2017-09-24 16:27:00.901 [32m INFO[0;39m [33m[trace-2,,,][0;39m 140488 --- [main] o.s.c.support.GenericApplicationContext  : Refreshing org.springframework.context.support.GenericApplicationContext@54d35ed5: startup date [Sun Sep 24 16:27:00 CST 2017]; root of context hierarchy
2017-09-24 16:27:00.917 [32m INFO[0;39m [33m[trace-2,,,][0;39m 140488 --- [main] com.spring.TraceStream2Application       : Started TraceStream2Application in 2.37 seconds (JVM running for 17.939)
2017-09-24 16:27:01.036 [32m INFO[0;39m [33m[trace-2,,,][0;39m 140488 --- [main] o.s.a.r.c.CachingConnectionFactory       : Created new connection: SimpleConnection@1e429f56 [delegate=amqp://springcloud@127.0.0.1:5672/]
2017-09-24 16:27:01.072 [32m INFO[0;39m [33m[trace-2,,,][0;39m 140488 --- [main] o.s.i.endpoint.EventDrivenConsumer       : Adding {message-handler:outbound.sleuth} as a subscriber to the 'sleuth' channel
2017-09-24 16:27:01.072 [32m INFO[0;39m [33m[trace-2,,,][0;39m 140488 --- [main] o.s.integration.channel.DirectChannel    : Channel 'trace-2:9102.sleuth' has 1 subscriber(s).
2017-09-24 16:27:01.072 [32m INFO[0;39m [33m[trace-2,,,][0;39m 140488 --- [main] o.s.i.endpoint.EventDrivenConsumer       : started outbound.sleuth
2017-09-24 16:27:01.073 [32m INFO[0;39m [33m[trace-2,,,][0;39m 140488 --- [main] o.s.c.support.DefaultLifecycleProcessor  : Starting beans in phase -2147482648
2017-09-24 16:27:01.074 [32m INFO[0;39m [33m[trace-2,,,][0;39m 140488 --- [main] o.s.c.support.DefaultLifecycleProcessor  : Starting beans in phase 0
2017-09-24 16:27:01.080 [32m INFO[0;39m [33m[trace-2,,,][0;39m 140488 --- [main] o.s.c.n.eureka.InstanceInfoFactory       : Setting initial instance status as: STARTING
2017-09-24 16:27:01.316 [32m INFO[0;39m [33m[trace-2,,,][0;39m 140488 --- [main] c.n.d.provider.DiscoveryJerseyProvider   : Using JSON encoding codec LegacyJacksonJson
2017-09-24 16:27:01.317 [32m INFO[0;39m [33m[trace-2,,,][0;39m 140488 --- [main] c.n.d.provider.DiscoveryJerseyProvider   : Using JSON decoding codec LegacyJacksonJson
2017-09-24 16:27:01.398 [32m INFO[0;39m [33m[trace-2,,,][0;39m 140488 --- [main] c.n.d.provider.DiscoveryJerseyProvider   : Using XML encoding codec XStreamXml
2017-09-24 16:27:01.398 [32m INFO[0;39m [33m[trace-2,,,][0;39m 140488 --- [main] c.n.d.provider.DiscoveryJerseyProvider   : Using XML decoding codec XStreamXml
2017-09-24 16:27:01.545 [32m INFO[0;39m [33m[trace-2,,,][0;39m 140488 --- [main] c.n.d.s.r.aws.ConfigClusterResolver      : Resolving eureka endpoints via configuration
2017-09-24 16:27:01.633 [32m INFO[0;39m [33m[trace-2,,,][0;39m 140488 --- [main] com.netflix.discovery.DiscoveryClient    : Disable delta property : false
2017-09-24 16:27:01.633 [32m INFO[0;39m [33m[trace-2,,,][0;39m 140488 --- [main] com.netflix.discovery.DiscoveryClient    : Single vip registry refresh property : null
2017-09-24 16:27:01.633 [32m INFO[0;39m [33m[trace-2,,,][0;39m 140488 --- [main] com.netflix.discovery.DiscoveryClient    : Force full registry fetch : false
2017-09-24 16:27:01.633 [32m INFO[0;39m [33m[trace-2,,,][0;39m 140488 --- [main] com.netflix.discovery.DiscoveryClient    : Application is null : false
2017-09-24 16:27:01.633 [32m INFO[0;39m [33m[trace-2,,,][0;39m 140488 --- [main] com.netflix.discovery.DiscoveryClient    : Registered Applications size is zero : true
2017-09-24 16:27:01.633 [32m INFO[0;39m [33m[trace-2,,,][0;39m 140488 --- [main] com.netflix.discovery.DiscoveryClient    : Application version is -1: true
2017-09-24 16:27:01.633 [32m INFO[0;39m [33m[trace-2,,,][0;39m 140488 --- [main] com.netflix.discovery.DiscoveryClient    : Getting all instance registry info from the eureka server
2017-09-24 16:27:01.817 [32m INFO[0;39m [33m[trace-2,,,][0;39m 140488 --- [main] com.netflix.discovery.DiscoveryClient    : The response status is 200
2017-09-24 16:27:01.818 [32m INFO[0;39m [33m[trace-2,,,][0;39m 140488 --- [main] com.netflix.discovery.DiscoveryClient    : Starting heartbeat executor: renew interval is: 30
2017-09-24 16:27:01.820 [32m INFO[0;39m [33m[trace-2,,,][0;39m 140488 --- [main] c.n.discovery.InstanceInfoReplicator     : InstanceInfoReplicator onDemand update allowed rate per min is 4
2017-09-24 16:27:01.823 [32m INFO[0;39m [33m[trace-2,,,][0;39m 140488 --- [main] com.netflix.discovery.DiscoveryClient    : Discovery Client initialized at timestamp 1506241621822 with initial instances count: 2
2017-09-24 16:27:01.899 [32m INFO[0;39m [33m[trace-2,,,][0;39m 140488 --- [main] c.n.e.EurekaDiscoveryClientConfiguration : Registering application trace-2 with eureka with status UP
2017-09-24 16:27:01.900 [32m INFO[0;39m [33m[trace-2,,,][0;39m 140488 --- [main] com.netflix.discovery.DiscoveryClient    : Saw local status change event StatusChangeEvent [timestamp=1506241621900, current=UP, previous=STARTING]
2017-09-24 16:27:01.903 [32m INFO[0;39m [33m[trace-2,,,][0;39m 140488 --- [DiscoveryClient-InstanceInfoReplicator-0] com.netflix.discovery.DiscoveryClient    : DiscoveryClient_TRACE-2/localhost:trace-2:9102: registering service...
2017-09-24 16:27:01.951 [32m INFO[0;39m [33m[trace-2,,,][0;39m 140488 --- [main] o.s.i.endpoint.EventDrivenConsumer       : Adding {logging-channel-adapter:_org.springframework.integration.errorLogger} as a subscriber to the 'errorChannel' channel
2017-09-24 16:27:01.951 [32m INFO[0;39m [33m[trace-2,,,][0;39m 140488 --- [main] o.s.i.channel.PublishSubscribeChannel    : Channel 'trace-2:9102.errorChannel' has 1 subscriber(s).
2017-09-24 16:27:01.955 [32m INFO[0;39m [33m[trace-2,,,][0;39m 140488 --- [main] o.s.i.endpoint.EventDrivenConsumer       : started _org.springframework.integration.errorLogger
2017-09-24 16:27:01.956 [32m INFO[0;39m [33m[trace-2,,,][0;39m 140488 --- [main] o.s.i.e.SourcePollingChannelAdapter      : started sleuthStreamSpanReporter.poll.inboundChannelAdapter
2017-09-24 16:27:01.957 [32m INFO[0;39m [33m[trace-2,,,][0;39m 140488 --- [main] o.s.c.support.DefaultLifecycleProcessor  : Starting beans in phase 2147482647
2017-09-24 16:27:01.957 [32m INFO[0;39m [33m[trace-2,,,][0;39m 140488 --- [main] o.s.c.support.DefaultLifecycleProcessor  : Starting beans in phase 2147483647
2017-09-24 16:27:01.959 [32m INFO[0;39m [33m[trace-2,,,][0;39m 140488 --- [main] o.s.c.support.DefaultLifecycleProcessor  : Starting beans in phase 0
2017-09-24 16:27:01.959 [32m INFO[0;39m [33m[trace-2,,,][0;39m 140488 --- [main] o.s.c.support.DefaultLifecycleProcessor  : Starting beans in phase 2147482647
2017-09-24 16:27:01.959 [32m INFO[0;39m [33m[trace-2,,,][0;39m 140488 --- [main] o.s.c.support.DefaultLifecycleProcessor  : Starting beans in phase 2147483647
2017-09-24 16:27:01.972 [32m INFO[0;39m [33m[trace-2,,,][0;39m 140488 --- [DiscoveryClient-InstanceInfoReplicator-0] com.netflix.discovery.DiscoveryClient    : DiscoveryClient_TRACE-2/localhost:trace-2:9102 - registration status: 204
2017-09-24 16:27:02.110 [32m INFO[0;39m [33m[trace-2,,,][0;39m 140488 --- [main] s.b.c.e.t.TomcatEmbeddedServletContainer : Tomcat started on port(s): 9102 (http)
2017-09-24 16:27:02.112 [32m INFO[0;39m [33m[trace-2,,,][0;39m 140488 --- [main] c.n.e.EurekaDiscoveryClientConfiguration : Updating port to 9102
2017-09-24 16:27:02.116 [32m INFO[0;39m [33m[trace-2,,,][0;39m 140488 --- [main] com.spring.TraceStream2Application       : Started TraceStream2Application in 18.523 seconds (JVM running for 19.132)
2017-09-24 16:32:01.648 [32m INFO[0;39m [33m[trace-2,,,][0;39m 140488 --- [AsyncResolver-bootstrap-executor-0] c.n.d.s.r.aws.ConfigClusterResolver      : Resolving eureka endpoints via configuration
2017-09-24 16:36:11.584 [32mDEBUG[0;39m [33m[trace-2,,,][0;39m 140488 --- [http-nio-9102-exec-1] o.s.web.servlet.DispatcherServlet        : Initializing servlet 'dispatcherServlet'
2017-09-24 16:36:11.585 [32m INFO[0;39m [33m[trace-2,,,][0;39m 140488 --- [http-nio-9102-exec-1] o.a.c.c.C.[Tomcat].[localhost].[/]       : Initializing Spring FrameworkServlet 'dispatcherServlet'
2017-09-24 16:36:11.585 [32m INFO[0;39m [33m[trace-2,,,][0;39m 140488 --- [http-nio-9102-exec-1] o.s.web.servlet.DispatcherServlet        : FrameworkServlet 'dispatcherServlet': initialization started
2017-09-24 16:36:11.586 [32mDEBUG[0;39m [33m[trace-2,,,][0;39m 140488 --- [http-nio-9102-exec-1] o.s.web.servlet.DispatcherServlet        : Using MultipartResolver [org.springframework.web.multipart.support.StandardServletMultipartResolver@343a8275]
2017-09-24 16:36:11.592 [32mDEBUG[0;39m [33m[trace-2,,,][0;39m 140488 --- [http-nio-9102-exec-1] o.s.web.servlet.DispatcherServlet        : Unable to locate LocaleResolver with name 'localeResolver': using default [org.springframework.web.servlet.i18n.AcceptHeaderLocaleResolver@5f57b1cf]
2017-09-24 16:36:11.600 [32mDEBUG[0;39m [33m[trace-2,,,][0;39m 140488 --- [http-nio-9102-exec-1] o.s.web.servlet.DispatcherServlet        : Unable to locate ThemeResolver with name 'themeResolver': using default [org.springframework.web.servlet.theme.FixedThemeResolver@44043689]
2017-09-24 16:36:11.622 [32mDEBUG[0;39m [33m[trace-2,,,][0;39m 140488 --- [http-nio-9102-exec-1] o.s.web.servlet.DispatcherServlet        : Unable to locate RequestToViewNameTranslator with name 'viewNameTranslator': using default [org.springframework.web.servlet.view.DefaultRequestToViewNameTranslator@7a2c2fe6]
2017-09-24 16:36:11.642 [32mDEBUG[0;39m [33m[trace-2,,,][0;39m 140488 --- [http-nio-9102-exec-1] o.s.web.servlet.DispatcherServlet        : Unable to locate FlashMapManager with name 'flashMapManager': using default [org.springframework.web.servlet.support.SessionFlashMapManager@1361a348]
2017-09-24 16:36:11.643 [32mDEBUG[0;39m [33m[trace-2,,,][0;39m 140488 --- [http-nio-9102-exec-1] o.s.web.servlet.DispatcherServlet        : Published WebApplicationContext of servlet 'dispatcherServlet' as ServletContext attribute with name [org.springframework.web.servlet.FrameworkServlet.CONTEXT.dispatcherServlet]
2017-09-24 16:36:11.646 [32m INFO[0;39m [33m[trace-2,,,][0;39m 140488 --- [http-nio-9102-exec-1] o.s.web.servlet.DispatcherServlet        : FrameworkServlet 'dispatcherServlet': initialization completed in 61 ms
2017-09-24 16:36:11.646 [32mDEBUG[0;39m [33m[trace-2,,,][0;39m 140488 --- [http-nio-9102-exec-1] o.s.web.servlet.DispatcherServlet        : Servlet 'dispatcherServlet' configured successfully
2017-09-24 16:36:11.669 [32mDEBUG[0;39m [33m[trace-2,7f6d50262807474c,30836118986ba04b,true][0;39m 140488 --- [http-nio-9102-exec-1] o.s.web.servlet.DispatcherServlet        : DispatcherServlet with name 'dispatcherServlet' processing GET request for [/trace-2]
2017-09-24 16:36:11.684 [32mDEBUG[0;39m [33m[trace-2,7f6d50262807474c,30836118986ba04b,true][0;39m 140488 --- [http-nio-9102-exec-1] o.s.web.servlet.DispatcherServlet        : Last-Modified value for [/trace-2] is: -1
2017-09-24 16:36:11.755 [32m INFO[0;39m [33m[trace-2,7f6d50262807474c,30cb3e788676c692,true][0;39m 140488 --- [http-nio-9102-exec-1] ication$$EnhancerBySpringCGLIB$$7976f1e4 : ===<call trace-2, TraceId=7f6d50262807474c, SpanId=30836118986ba04b>===
2017-09-24 16:36:11.767 [32mDEBUG[0;39m [33m[trace-2,7f6d50262807474c,30cb3e788676c692,true][0;39m 140488 --- [http-nio-9102-exec-1] o.s.web.servlet.DispatcherServlet        : Null ModelAndView returned to DispatcherServlet with name 'dispatcherServlet': assuming HandlerAdapter completed request handling
2017-09-24 16:36:11.769 [32mDEBUG[0;39m [33m[trace-2,7f6d50262807474c,30836118986ba04b,true][0;39m 140488 --- [http-nio-9102-exec-1] o.s.web.servlet.DispatcherServlet        : Successfully completed request
2017-09-24 16:37:01.651 [32m INFO[0;39m [33m[trace-2,,,][0;39m 140488 --- [AsyncResolver-bootstrap-executor-0] c.n.d.s.r.aws.ConfigClusterResolver      : Resolving eureka endpoints via configuration
2017-09-24 16:42:01.660 [32m INFO[0;39m [33m[trace-2,,,][0;39m 140488 --- [AsyncResolver-bootstrap-executor-0] c.n.d.s.r.aws.ConfigClusterResolver      : Resolving eureka endpoints via configuration
2017-09-24 16:47:01.676 [32m INFO[0;39m [33m[trace-2,,,][0;39m 140488 --- [AsyncResolver-bootstrap-executor-0] c.n.d.s.r.aws.ConfigClusterResolver      : Resolving eureka endpoints via configuration
2017-09-24 16:52:01.691 [32m INFO[0;39m [33m[trace-2,,,][0;39m 140488 --- [AsyncResolver-bootstrap-executor-0] c.n.d.s.r.aws.ConfigClusterResolver      : Resolving eureka endpoints via configuration
2017-09-24 16:57:01.699 [32m INFO[0;39m [33m[trace-2,,,][0;39m 140488 --- [AsyncResolver-bootstrap-executor-0] c.n.d.s.r.aws.ConfigClusterResolver      : Resolving eureka endpoints via configuration
2017-09-24 17:02:01.710 [32m INFO[0;39m [33m[trace-2,,,][0;39m 140488 --- [AsyncResolver-bootstrap-executor-0] c.n.d.s.r.aws.ConfigClusterResolver      : Resolving eureka endpoints via configuration
2017-09-24 17:07:01.728 [32m INFO[0;39m [33m[trace-2,,,][0;39m 140488 --- [AsyncResolver-bootstrap-executor-0] c.n.d.s.r.aws.ConfigClusterResolver      : Resolving eureka endpoints via configuration
2017-09-24 17:12:01.742 [32m INFO[0;39m [33m[trace-2,,,][0;39m 140488 --- [AsyncResolver-bootstrap-executor-0] c.n.d.s.r.aws.ConfigClusterResolver      : Resolving eureka endpoints via configuration
2017-09-24 17:17:01.742 [32m INFO[0;39m [33m[trace-2,,,][0;39m 140488 --- [AsyncResolver-bootstrap-executor-0] c.n.d.s.r.aws.ConfigClusterResolver      : Resolving eureka endpoints via configuration
2017-09-24 17:22:01.752 [32m INFO[0;39m [33m[trace-2,,,][0;39m 140488 --- [AsyncResolver-bootstrap-executor-0] c.n.d.s.r.aws.ConfigClusterResolver      : Resolving eureka endpoints via configuration
2017-09-24 17:27:01.756 [32m INFO[0;39m [33m[trace-2,,,][0;39m 140488 --- [AsyncResolver-bootstrap-executor-0] c.n.d.s.r.aws.ConfigClusterResolver      : Resolving eureka endpoints via configuration
2017-09-24 17:32:01.760 [32m INFO[0;39m [33m[trace-2,,,][0;39m 140488 --- [AsyncResolver-bootstrap-executor-0] c.n.d.s.r.aws.ConfigClusterResolver      : Resolving eureka endpoints via configuration
2017-09-24 17:37:01.760 [32m INFO[0;39m [33m[trace-2,,,][0;39m 140488 --- [AsyncResolver-bootstrap-executor-0] c.n.d.s.r.aws.ConfigClusterResolver      : Resolving eureka endpoints via configuration
2017-09-24 17:42:01.761 [32m INFO[0;39m [33m[trace-2,,,][0;39m 140488 --- [AsyncResolver-bootstrap-executor-0] c.n.d.s.r.aws.ConfigClusterResolver      : Resolving eureka endpoints via configuration
2017-09-24 17:47:01.762 [32m INFO[0;39m [33m[trace-2,,,][0;39m 140488 --- [AsyncResolver-bootstrap-executor-0] c.n.d.s.r.aws.ConfigClusterResolver      : Resolving eureka endpoints via configuration
2017-09-24 17:52:01.817 [32m INFO[0;39m [33m[trace-2,,,][0;39m 140488 --- [AsyncResolver-bootstrap-executor-0] c.n.d.s.r.aws.ConfigClusterResolver      : Resolving eureka endpoints via configuration
2017-09-24 17:57:01.832 [32m INFO[0;39m [33m[trace-2,,,][0;39m 140488 --- [AsyncResolver-bootstrap-executor-0] c.n.d.s.r.aws.ConfigClusterResolver      : Resolving eureka endpoints via configuration
2017-09-24 17:59:10.966 [32mDEBUG[0;39m [33m[trace-2,e8bc90ffceb8f435,72837ef0dd28da34,true][0;39m 140488 --- [http-nio-9102-exec-3] o.s.web.servlet.DispatcherServlet        : DispatcherServlet with name 'dispatcherServlet' processing GET request for [/trace-2]
2017-09-24 17:59:11.284 [32mDEBUG[0;39m [33m[trace-2,e8bc90ffceb8f435,72837ef0dd28da34,true][0;39m 140488 --- [http-nio-9102-exec-3] o.s.web.servlet.DispatcherServlet        : Last-Modified value for [/trace-2] is: -1
2017-09-24 17:59:11.370 [32m INFO[0;39m [33m[trace-2,e8bc90ffceb8f435,eaec63815e8f0272,true][0;39m 140488 --- [http-nio-9102-exec-3] ication$$EnhancerBySpringCGLIB$$7976f1e4 : ===<call trace-2, TraceId=e8bc90ffceb8f435, SpanId=72837ef0dd28da34>===
2017-09-24 17:59:11.682 [32mDEBUG[0;39m [33m[trace-2,e8bc90ffceb8f435,eaec63815e8f0272,true][0;39m 140488 --- [http-nio-9102-exec-3] o.s.web.servlet.DispatcherServlet        : Null ModelAndView returned to DispatcherServlet with name 'dispatcherServlet': assuming HandlerAdapter completed request handling
2017-09-24 17:59:11.760 [32mDEBUG[0;39m [33m[trace-2,e8bc90ffceb8f435,72837ef0dd28da34,true][0;39m 140488 --- [http-nio-9102-exec-3] o.s.web.servlet.DispatcherServlet        : Successfully completed request
2017-09-24 17:59:21.393 [32mDEBUG[0;39m [33m[trace-2,a0b50afb3f2e697f,7aa4438eae9a24ee,true][0;39m 140488 --- [http-nio-9102-exec-5] o.s.web.servlet.DispatcherServlet        : DispatcherServlet with name 'dispatcherServlet' processing GET request for [/trace-2]
2017-09-24 17:59:21.522 [32mDEBUG[0;39m [33m[trace-2,a0b50afb3f2e697f,7aa4438eae9a24ee,true][0;39m 140488 --- [http-nio-9102-exec-5] o.s.web.servlet.DispatcherServlet        : Last-Modified value for [/trace-2] is: -1
2017-09-24 17:59:21.566 [32m INFO[0;39m [33m[trace-2,a0b50afb3f2e697f,4caab8ad0484d1cb,true][0;39m 140488 --- [http-nio-9102-exec-5] ication$$EnhancerBySpringCGLIB$$7976f1e4 : ===<call trace-2, TraceId=a0b50afb3f2e697f, SpanId=7aa4438eae9a24ee>===
2017-09-24 17:59:21.567 [32mDEBUG[0;39m [33m[trace-2,a0b50afb3f2e697f,4caab8ad0484d1cb,true][0;39m 140488 --- [http-nio-9102-exec-5] o.s.web.servlet.DispatcherServlet        : Null ModelAndView returned to DispatcherServlet with name 'dispatcherServlet': assuming HandlerAdapter completed request handling
2017-09-24 17:59:21.567 [32mDEBUG[0;39m [33m[trace-2,a0b50afb3f2e697f,7aa4438eae9a24ee,true][0;39m 140488 --- [http-nio-9102-exec-5] o.s.web.servlet.DispatcherServlet        : Successfully completed request
2017-09-24 18:02:01.833 [32m INFO[0;39m [33m[trace-2,,,][0;39m 140488 --- [AsyncResolver-bootstrap-executor-0] c.n.d.s.r.aws.ConfigClusterResolver      : Resolving eureka endpoints via configuration
2017-09-24 18:07:01.840 [32m INFO[0;39m [33m[trace-2,,,][0;39m 140488 --- [AsyncResolver-bootstrap-executor-0] c.n.d.s.r.aws.ConfigClusterResolver      : Resolving eureka endpoints via configuration
2017-09-24 18:10:12.885 [32mDEBUG[0;39m [33m[trace-2,e6a5451ae8d88bcf,3273eff7704863fa,true][0;39m 140488 --- [http-nio-9102-exec-7] o.s.web.servlet.DispatcherServlet        : DispatcherServlet with name 'dispatcherServlet' processing GET request for [/trace-2]
2017-09-24 18:10:12.938 [32mDEBUG[0;39m [33m[trace-2,e6a5451ae8d88bcf,3273eff7704863fa,true][0;39m 140488 --- [http-nio-9102-exec-7] o.s.web.servlet.DispatcherServlet        : Last-Modified value for [/trace-2] is: -1
2017-09-24 18:10:12.939 [32m INFO[0;39m [33m[trace-2,e6a5451ae8d88bcf,c2563df908ed7018,true][0;39m 140488 --- [http-nio-9102-exec-7] ication$$EnhancerBySpringCGLIB$$7976f1e4 : ===<call trace-2, TraceId=e6a5451ae8d88bcf, SpanId=3273eff7704863fa>===
2017-09-24 18:10:12.942 [32mDEBUG[0;39m [33m[trace-2,e6a5451ae8d88bcf,c2563df908ed7018,true][0;39m 140488 --- [http-nio-9102-exec-7] o.s.web.servlet.DispatcherServlet        : Null ModelAndView returned to DispatcherServlet with name 'dispatcherServlet': assuming HandlerAdapter completed request handling
2017-09-24 18:10:12.942 [32mDEBUG[0;39m [33m[trace-2,e6a5451ae8d88bcf,3273eff7704863fa,true][0;39m 140488 --- [http-nio-9102-exec-7] o.s.web.servlet.DispatcherServlet        : Successfully completed request
2017-09-24 18:12:01.841 [32m INFO[0;39m [33m[trace-2,,,][0;39m 140488 --- [AsyncResolver-bootstrap-executor-0] c.n.d.s.r.aws.ConfigClusterResolver      : Resolving eureka endpoints via configuration
2017-09-24 18:17:01.856 [32m INFO[0;39m [33m[trace-2,,,][0;39m 140488 --- [AsyncResolver-bootstrap-executor-0] c.n.d.s.r.aws.ConfigClusterResolver      : Resolving eureka endpoints via configuration
2017-09-24 18:22:01.857 [32m INFO[0;39m [33m[trace-2,,,][0;39m 140488 --- [AsyncResolver-bootstrap-executor-0] c.n.d.s.r.aws.ConfigClusterResolver      : Resolving eureka endpoints via configuration
2017-09-24 18:27:01.875 [32m INFO[0;39m [33m[trace-2,,,][0;39m 140488 --- [AsyncResolver-bootstrap-executor-0] c.n.d.s.r.aws.ConfigClusterResolver      : Resolving eureka endpoints via configuration
2017-09-24 18:32:01.881 [32m INFO[0;39m [33m[trace-2,,,][0;39m 140488 --- [AsyncResolver-bootstrap-executor-0] c.n.d.s.r.aws.ConfigClusterResolver      : Resolving eureka endpoints via configuration
