2017-09-24 16:30:27.173 [32m INFO[0;39m [33m[zipkin-server-stream,,,][0;39m 144888 --- [main] c.spring.ZipkinServerStreamApplication   : Starting ZipkinServerStreamApplication on LONGZB with PID 144888 (D:\workspace\springcloud\zipkin-server-stream\target\classes started by LONGZB in D:\workspace\springcloud)
2017-09-24 16:30:27.176 [32m INFO[0;39m [33m[zipkin-server-stream,,,][0;39m 144888 --- [main] c.spring.ZipkinServerStreamApplication   : No active profile set, falling back to default profiles: default
2017-09-24 16:30:27.265 [32m INFO[0;39m [33m[zipkin-server-stream,,,][0;39m 144888 --- [main] ationConfigEmbeddedWebApplicationContext : Refreshing org.springframework.boot.context.embedded.AnnotationConfigEmbeddedWebApplicationContext@15761df8: startup date [Sun Sep 24 16:30:27 CST 2017]; root of context hierarchy
2017-09-24 16:30:28.900 [32m INFO[0;39m [33m[zipkin-server-stream,,,][0;39m 144888 --- [main] o.s.b.f.config.PropertiesFactoryBean     : Loading properties file from URL [jar:file:/D:/maven/loozb/org/springframework/integration/spring-integration-core/4.2.9.RELEASE/spring-integration-core-4.2.9.RELEASE.jar!/META-INF/spring.integration.default.properties]
2017-09-24 16:30:28.903 [32m INFO[0;39m [33m[zipkin-server-stream,,,][0;39m 144888 --- [main] o.s.i.config.IntegrationRegistrar        : No bean named 'integrationHeaderChannelRegistry' has been explicitly defined. Therefore, a default DefaultHeaderChannelRegistry will be created.
2017-09-24 16:30:29.146 [32m INFO[0;39m [33m[zipkin-server-stream,,,][0;39m 144888 --- [main] o.s.b.f.s.DefaultListableBeanFactory     : Overriding bean definition for bean 'characterEncodingFilter' with a different definition: replacing [Root bean: class [null]; scope=; abstract=false; lazyInit=false; autowireMode=3; dependencyCheck=0; autowireCandidate=true; primary=false; factoryBeanName=org.springframework.boot.autoconfigure.web.HttpEncodingAutoConfiguration; factoryMethodName=characterEncodingFilter; initMethodName=null; destroyMethodName=(inferred); defined in class path resource [org/springframework/boot/autoconfigure/web/HttpEncodingAutoConfiguration.class]] with [Root bean: class [null]; scope=; abstract=false; lazyInit=false; autowireMode=3; dependencyCheck=0; autowireCandidate=true; primary=false; factoryBeanName=zipkin.autoconfigure.ui.ZipkinUiAutoConfiguration; factoryMethodName=characterEncodingFilter; initMethodName=null; destroyMethodName=(inferred); defined in class path resource [zipkin/autoconfigure/ui/ZipkinUiAutoConfiguration.class]]
2017-09-24 16:30:29.442 [32m INFO[0;39m [33m[zipkin-server-stream,,,][0;39m 144888 --- [main] faultConfiguringBeanFactoryPostProcessor : No bean named 'errorChannel' has been explicitly defined. Therefore, a default PublishSubscribeChannel will be created.
2017-09-24 16:30:29.445 [32m INFO[0;39m [33m[zipkin-server-stream,,,][0;39m 144888 --- [main] faultConfiguringBeanFactoryPostProcessor : No bean named 'taskScheduler' has been explicitly defined. Therefore, a default ThreadPoolTaskScheduler will be created.
2017-09-24 16:30:29.494 [32m INFO[0;39m [33m[zipkin-server-stream,,,][0;39m 144888 --- [main] trationDelegate$BeanPostProcessorChecker : Bean 'org.springframework.amqp.rabbit.annotation.RabbitBootstrapConfiguration' of type [class org.springframework.amqp.rabbit.annotation.RabbitBootstrapConfiguration$$EnhancerBySpringCGLIB$$5b370ff7] is not eligible for getting processed by all BeanPostProcessors (for example: not eligible for auto-proxying)
2017-09-24 16:30:29.591 [32m INFO[0;39m [33m[zipkin-server-stream,,,][0;39m 144888 --- [main] trationDelegate$BeanPostProcessorChecker : Bean 'org.springframework.cloud.sleuth.instrument.async.AsyncDefaultAutoConfiguration$DefaultAsyncConfigurerSupport' of type [class org.springframework.cloud.sleuth.instrument.async.AsyncDefaultAutoConfiguration$DefaultAsyncConfigurerSupport$$EnhancerBySpringCGLIB$$d20cef8c] is not eligible for getting processed by all BeanPostProcessors (for example: not eligible for auto-proxying)
2017-09-24 16:30:29.714 [32m INFO[0;39m [33m[zipkin-server-stream,,,][0;39m 144888 --- [main] trationDelegate$BeanPostProcessorChecker : Bean 'org.springframework.cloud.stream.config.ChannelBindingServiceConfiguration$PostProcessorConfiguration' of type [class org.springframework.cloud.stream.config.ChannelBindingServiceConfiguration$PostProcessorConfiguration$$EnhancerBySpringCGLIB$$8c95ea55] is not eligible for getting processed by all BeanPostProcessors (for example: not eligible for auto-proxying)
2017-09-24 16:30:30.968 [32m INFO[0;39m [33m[zipkin-server-stream,,,][0;39m 144888 --- [main] s.b.c.e.t.TomcatEmbeddedServletContainer : Tomcat initialized with port(s): 9411 (http)
2017-09-24 16:30:30.984 [32m INFO[0;39m [33m[zipkin-server-stream,,,][0;39m 144888 --- [main] o.apache.catalina.core.StandardService   : Starting service Tomcat
2017-09-24 16:30:30.984 [32m INFO[0;39m [33m[zipkin-server-stream,,,][0;39m 144888 --- [main] org.apache.catalina.core.StandardEngine  : Starting Servlet Engine: Apache Tomcat/8.0.36
2017-09-24 16:30:31.143 [32m INFO[0;39m [33m[zipkin-server-stream,,,][0;39m 144888 --- [localhost-startStop-1] o.a.c.c.C.[Tomcat].[localhost].[/]       : Initializing Spring embedded WebApplicationContext
2017-09-24 16:30:31.143 [32m INFO[0;39m [33m[zipkin-server-stream,,,][0;39m 144888 --- [localhost-startStop-1] o.s.web.context.ContextLoader            : Root WebApplicationContext: initialization completed in 3880 ms
2017-09-24 16:30:32.591 [32m INFO[0;39m [33m[zipkin-server-stream,,,][0;39m 144888 --- [localhost-startStop-1] o.s.b.c.embedded.FilterRegistrationBean  : Mapping filter: 'metricFilter' to: [/*]
2017-09-24 16:30:32.592 [32m INFO[0;39m [33m[zipkin-server-stream,,,][0;39m 144888 --- [localhost-startStop-1] o.s.b.c.embedded.FilterRegistrationBean  : Mapping filter: 'traceFilter' to: [/*]
2017-09-24 16:30:32.592 [32m INFO[0;39m [33m[zipkin-server-stream,,,][0;39m 144888 --- [localhost-startStop-1] o.s.b.c.embedded.FilterRegistrationBean  : Mapping filter: 'hiddenHttpMethodFilter' to: [/*]
2017-09-24 16:30:32.592 [32m INFO[0;39m [33m[zipkin-server-stream,,,][0;39m 144888 --- [localhost-startStop-1] o.s.b.c.embedded.FilterRegistrationBean  : Mapping filter: 'httpPutFormContentFilter' to: [/*]
2017-09-24 16:30:32.592 [32m INFO[0;39m [33m[zipkin-server-stream,,,][0;39m 144888 --- [localhost-startStop-1] o.s.b.c.embedded.FilterRegistrationBean  : Mapping filter: 'requestContextFilter' to: [/*]
2017-09-24 16:30:32.592 [32m INFO[0;39m [33m[zipkin-server-stream,,,][0;39m 144888 --- [localhost-startStop-1] o.s.b.c.embedded.FilterRegistrationBean  : Mapping filter: 'webRequestLoggingFilter' to: [/*]
2017-09-24 16:30:32.592 [32m INFO[0;39m [33m[zipkin-server-stream,,,][0;39m 144888 --- [localhost-startStop-1] o.s.b.c.embedded.FilterRegistrationBean  : Mapping filter: 'applicationContextIdFilter' to: [/*]
2017-09-24 16:30:32.592 [32m INFO[0;39m [33m[zipkin-server-stream,,,][0;39m 144888 --- [localhost-startStop-1] o.s.b.c.embedded.FilterRegistrationBean  : Mapping filter: 'characterEncodingFilter' to: [/*]
2017-09-24 16:30:32.593 [32m INFO[0;39m [33m[zipkin-server-stream,,,][0;39m 144888 --- [localhost-startStop-1] o.s.b.c.e.ServletRegistrationBean        : Mapping servlet: 'dispatcherServlet' to [/]
2017-09-24 16:30:33.206 [32m INFO[0;39m [33m[zipkin-server-stream,,,][0;39m 144888 --- [main] o.s.b.f.config.PropertiesFactoryBean     : Loading properties file from URL [jar:file:/D:/maven/loozb/org/springframework/integration/spring-integration-core/4.2.9.RELEASE/spring-integration-core-4.2.9.RELEASE.jar!/META-INF/spring.integration.default.properties]
2017-09-24 16:30:33.409 [32m INFO[0;39m [33m[zipkin-server-stream,,,][0;39m 144888 --- [main] o.s.s.c.ThreadPoolTaskScheduler          : Initializing ExecutorService  'taskScheduler'
2017-09-24 16:30:33.681 [32m INFO[0;39m [33m[zipkin-server-stream,,,][0;39m 144888 --- [main] s.w.s.m.m.a.RequestMappingHandlerAdapter : Looking for @ControllerAdvice: org.springframework.boot.context.embedded.AnnotationConfigEmbeddedWebApplicationContext@15761df8: startup date [Sun Sep 24 16:30:27 CST 2017]; root of context hierarchy
2017-09-24 16:30:33.934 [32m INFO[0;39m [33m[zipkin-server-stream,,,][0;39m 144888 --- [main] s.w.s.m.m.a.RequestMappingHandlerMapping : Mapped "{[/api/v1/spans],methods=[GET]}" onto public org.springframework.http.ResponseEntity<java.util.List<java.lang.String>> zipkin.server.ZipkinQueryApiV1.getSpanNames(java.lang.String)
2017-09-24 16:30:33.934 [32m INFO[0;39m [33m[zipkin-server-stream,,,][0;39m 144888 --- [main] s.w.s.m.m.a.RequestMappingHandlerMapping : Mapped "{[/api/v1/traces],methods=[GET],produces=[application/json]}" onto public byte[] zipkin.server.ZipkinQueryApiV1.getTraces(java.lang.String,java.lang.String,java.lang.String,java.lang.Long,java.lang.Long,java.lang.Long,java.lang.Long,java.lang.Integer)
2017-09-24 16:30:33.935 [32m INFO[0;39m [33m[zipkin-server-stream,,,][0;39m 144888 --- [main] s.w.s.m.m.a.RequestMappingHandlerMapping : Mapped "{[/api/v1/dependencies],methods=[GET],produces=[application/json]}" onto public byte[] zipkin.server.ZipkinQueryApiV1.getDependencies(long,java.lang.Long)
2017-09-24 16:30:33.935 [32m INFO[0;39m [33m[zipkin-server-stream,,,][0;39m 144888 --- [main] s.w.s.m.m.a.RequestMappingHandlerMapping : Mapped "{[/api/v1/trace/{traceId}],methods=[GET],produces=[application/json]}" onto public byte[] zipkin.server.ZipkinQueryApiV1.getTrace(java.lang.String,org.springframework.web.context.request.WebRequest)
2017-09-24 16:30:33.935 [32m INFO[0;39m [33m[zipkin-server-stream,,,][0;39m 144888 --- [main] s.w.s.m.m.a.RequestMappingHandlerMapping : Mapped "{[/api/v1/services],methods=[GET]}" onto public org.springframework.http.ResponseEntity<java.util.List<java.lang.String>> zipkin.server.ZipkinQueryApiV1.getServiceNames()
2017-09-24 16:30:33.936 [32m INFO[0;39m [33m[zipkin-server-stream,,,][0;39m 144888 --- [main] s.w.s.m.m.a.RequestMappingHandlerMapping : Mapped "{[/api/v1/spans],methods=[POST],consumes=[application/x-thrift]}" onto public org.springframework.web.context.request.async.DeferredResult<org.springframework.http.ResponseEntity<?>> zipkin.server.ZipkinHttpCollector.uploadSpansThrift(java.lang.String,byte[])
2017-09-24 16:30:33.937 [32m INFO[0;39m [33m[zipkin-server-stream,,,][0;39m 144888 --- [main] s.w.s.m.m.a.RequestMappingHandlerMapping : Mapped "{[/api/v1/spans],methods=[POST]}" onto public org.springframework.web.context.request.async.DeferredResult<org.springframework.http.ResponseEntity<?>> zipkin.server.ZipkinHttpCollector.uploadSpansJson(java.lang.String,byte[])
2017-09-24 16:30:33.940 [32m INFO[0;39m [33m[zipkin-server-stream,,,][0;39m 144888 --- [main] s.w.s.m.m.a.RequestMappingHandlerMapping : Mapped "{[/error]}" onto public org.springframework.http.ResponseEntity<java.util.Map<java.lang.String, java.lang.Object>> org.springframework.boot.autoconfigure.web.BasicErrorController.error(javax.servlet.http.HttpServletRequest)
2017-09-24 16:30:33.943 [32m INFO[0;39m [33m[zipkin-server-stream,,,][0;39m 144888 --- [main] s.w.s.m.m.a.RequestMappingHandlerMapping : Mapped "{[/error],produces=[text/html]}" onto public org.springframework.web.servlet.ModelAndView org.springframework.boot.autoconfigure.web.BasicErrorController.errorHtml(javax.servlet.http.HttpServletRequest,javax.servlet.http.HttpServletResponse)
2017-09-24 16:30:33.950 [32m INFO[0;39m [33m[zipkin-server-stream,,,][0;39m 144888 --- [main] s.w.s.m.m.a.RequestMappingHandlerMapping : Mapped "{[/ || /traces/{id} || /dependency],methods=[GET]}" onto public org.springframework.web.servlet.ModelAndView zipkin.autoconfigure.ui.ZipkinUiAutoConfiguration.forwardUiEndpoints(org.springframework.ui.ModelMap)
2017-09-24 16:30:33.953 [32m INFO[0;39m [33m[zipkin-server-stream,,,][0;39m 144888 --- [main] s.w.s.m.m.a.RequestMappingHandlerMapping : Mapped "{[/config.json],methods=[GET],produces=[application/json]}" onto public org.springframework.http.ResponseEntity<zipkin.autoconfigure.ui.ZipkinUiProperties> zipkin.autoconfigure.ui.ZipkinUiAutoConfiguration.serveUiConfig()
2017-09-24 16:30:33.953 [32m INFO[0;39m [33m[zipkin-server-stream,,,][0;39m 144888 --- [main] s.w.s.m.m.a.RequestMappingHandlerMapping : Mapped "{[/index.html],methods=[GET]}" onto public org.springframework.http.ResponseEntity<org.springframework.core.io.Resource> zipkin.autoconfigure.ui.ZipkinUiAutoConfiguration.serveIndex()
2017-09-24 16:30:34.050 [32m INFO[0;39m [33m[zipkin-server-stream,,,][0;39m 144888 --- [main] o.s.w.s.handler.SimpleUrlHandlerMapping  : Mapped URL path [/webjars/**] onto handler of type [class org.springframework.web.servlet.resource.ResourceHttpRequestHandler]
2017-09-24 16:30:34.050 [32m INFO[0;39m [33m[zipkin-server-stream,,,][0;39m 144888 --- [main] o.s.w.s.handler.SimpleUrlHandlerMapping  : Mapped URL path [/**] onto handler of type [class org.springframework.web.servlet.resource.ResourceHttpRequestHandler]
2017-09-24 16:30:34.119 [32m INFO[0;39m [33m[zipkin-server-stream,,,][0;39m 144888 --- [main] o.s.w.s.handler.SimpleUrlHandlerMapping  : Mapped URL path [/**/favicon.ico] onto handler of type [class org.springframework.web.servlet.resource.ResourceHttpRequestHandler]
2017-09-24 16:30:35.212 [32m INFO[0;39m [33m[zipkin-server-stream,,,][0;39m 144888 --- [main] o.s.b.a.e.mvc.EndpointHandlerMapping     : Mapped "{[/beans || /beans.json],methods=[GET],produces=[application/json]}" onto public java.lang.Object org.springframework.boot.actuate.endpoint.mvc.EndpointMvcAdapter.invoke()
2017-09-24 16:30:35.213 [32m INFO[0;39m [33m[zipkin-server-stream,,,][0;39m 144888 --- [main] o.s.b.a.e.mvc.EndpointHandlerMapping     : Mapped "{[/trace || /trace.json],methods=[GET],produces=[application/json]}" onto public java.lang.Object org.springframework.boot.actuate.endpoint.mvc.EndpointMvcAdapter.invoke()
2017-09-24 16:30:35.214 [32m INFO[0;39m [33m[zipkin-server-stream,,,][0;39m 144888 --- [main] o.s.b.a.e.mvc.EndpointHandlerMapping     : Mapped "{[/dump || /dump.json],methods=[GET],produces=[application/json]}" onto public java.lang.Object org.springframework.boot.actuate.endpoint.mvc.EndpointMvcAdapter.invoke()
2017-09-24 16:30:35.214 [32m INFO[0;39m [33m[zipkin-server-stream,,,][0;39m 144888 --- [main] o.s.b.a.e.mvc.EndpointHandlerMapping     : Mapped "{[/info || /info.json],methods=[GET],produces=[application/json]}" onto public java.lang.Object org.springframework.boot.actuate.endpoint.mvc.EndpointMvcAdapter.invoke()
2017-09-24 16:30:35.217 [32m INFO[0;39m [33m[zipkin-server-stream,,,][0;39m 144888 --- [main] o.s.b.a.e.mvc.EndpointHandlerMapping     : Mapped "{[/mappings || /mappings.json],methods=[GET],produces=[application/json]}" onto public java.lang.Object org.springframework.boot.actuate.endpoint.mvc.EndpointMvcAdapter.invoke()
2017-09-24 16:30:35.218 [32m INFO[0;39m [33m[zipkin-server-stream,,,][0;39m 144888 --- [main] o.s.b.a.e.mvc.EndpointHandlerMapping     : Mapped "{[/env/{name:.*}],methods=[GET],produces=[application/json]}" onto public java.lang.Object org.springframework.boot.actuate.endpoint.mvc.EnvironmentMvcEndpoint.value(java.lang.String)
2017-09-24 16:30:35.218 [32m INFO[0;39m [33m[zipkin-server-stream,,,][0;39m 144888 --- [main] o.s.b.a.e.mvc.EndpointHandlerMapping     : Mapped "{[/env || /env.json],methods=[GET],produces=[application/json]}" onto public java.lang.Object org.springframework.boot.actuate.endpoint.mvc.EndpointMvcAdapter.invoke()
2017-09-24 16:30:35.218 [32m INFO[0;39m [33m[zipkin-server-stream,,,][0;39m 144888 --- [main] o.s.b.a.e.mvc.EndpointHandlerMapping     : Mapped "{[/health || /health.json],produces=[application/json]}" onto public java.lang.Object org.springframework.boot.actuate.endpoint.mvc.HealthMvcEndpoint.invoke(java.security.Principal)
2017-09-24 16:30:35.222 [32m INFO[0;39m [33m[zipkin-server-stream,,,][0;39m 144888 --- [main] o.s.b.a.e.mvc.EndpointHandlerMapping     : Mapped "{[/channels || /channels.json],methods=[GET],produces=[application/json]}" onto public java.lang.Object org.springframework.boot.actuate.endpoint.mvc.EndpointMvcAdapter.invoke()
2017-09-24 16:30:35.223 [32m INFO[0;39m [33m[zipkin-server-stream,,,][0;39m 144888 --- [main] o.s.b.a.e.mvc.EndpointHandlerMapping     : Mapped "{[/configprops || /configprops.json],methods=[GET],produces=[application/json]}" onto public java.lang.Object org.springframework.boot.actuate.endpoint.mvc.EndpointMvcAdapter.invoke()
2017-09-24 16:30:35.225 [32m INFO[0;39m [33m[zipkin-server-stream,,,][0;39m 144888 --- [main] o.s.b.a.e.mvc.EndpointHandlerMapping     : Mapped "{[/autoconfig || /autoconfig.json],methods=[GET],produces=[application/json]}" onto public java.lang.Object org.springframework.boot.actuate.endpoint.mvc.EndpointMvcAdapter.invoke()
2017-09-24 16:30:35.225 [32m INFO[0;39m [33m[zipkin-server-stream,,,][0;39m 144888 --- [main] o.s.b.a.e.mvc.EndpointHandlerMapping     : Mapped "{[/metrics/{name:.*}],methods=[GET],produces=[application/json]}" onto public java.lang.Object org.springframework.boot.actuate.endpoint.mvc.MetricsMvcEndpoint.value(java.lang.String)
2017-09-24 16:30:35.226 [32m INFO[0;39m [33m[zipkin-server-stream,,,][0;39m 144888 --- [main] o.s.b.a.e.mvc.EndpointHandlerMapping     : Mapped "{[/metrics || /metrics.json],methods=[GET],produces=[application/json]}" onto public java.lang.Object org.springframework.boot.actuate.endpoint.mvc.EndpointMvcAdapter.invoke()
2017-09-24 16:30:35.228 [32m INFO[0;39m [33m[zipkin-server-stream,,,][0;39m 144888 --- [main] o.s.b.a.e.mvc.EndpointHandlerMapping     : Mapped "{[/logfile || /logfile.json],methods=[GET || HEAD]}" onto public void org.springframework.boot.actuate.endpoint.mvc.LogFileMvcEndpoint.invoke(javax.servlet.http.HttpServletRequest,javax.servlet.http.HttpServletResponse) throws javax.servlet.ServletException,java.io.IOException
2017-09-24 16:30:35.528 [32m INFO[0;39m [33m[zipkin-server-stream,,,][0;39m 144888 --- [main] o.s.s.c.ThreadPoolTaskScheduler          : Initializing ExecutorService 
2017-09-24 16:30:35.705 [32m INFO[0;39m [33m[zipkin-server-stream,,,][0;39m 144888 --- [main] o.s.i.codec.kryo.CompositeKryoRegistrar  : configured Kryo registration [40, java.io.File] with serializer org.springframework.integration.codec.kryo.FileSerializer
2017-09-24 16:30:35.873 [32m INFO[0;39m [33m[zipkin-server-stream,,,][0;39m 144888 --- [main] o.s.j.e.a.AnnotationMBeanExporter        : Registering beans for JMX exposure on startup
2017-09-24 16:30:35.885 [32m INFO[0;39m [33m[zipkin-server-stream,,,][0;39m 144888 --- [main] o.s.j.e.a.AnnotationMBeanExporter        : Bean with name 'integrationMbeanExporter' has been autodetected for JMX exposure
2017-09-24 16:30:35.888 [32m INFO[0;39m [33m[zipkin-server-stream,,,][0;39m 144888 --- [main] o.s.j.e.a.AnnotationMBeanExporter        : Located managed bean 'integrationMbeanExporter': registering with JMX server as MBean [org.springframework.integration.monitor:name=integrationMbeanExporter,type=IntegrationMBeanExporter]
2017-09-24 16:30:35.952 [32m INFO[0;39m [33m[zipkin-server-stream,,,][0;39m 144888 --- [main] o.s.i.monitor.IntegrationMBeanExporter   : Registering beans for JMX exposure on startup
2017-09-24 16:30:35.953 [32m INFO[0;39m [33m[zipkin-server-stream,,,][0;39m 144888 --- [main] o.s.i.monitor.IntegrationMBeanExporter   : Registering MessageChannel sleuth
2017-09-24 16:30:35.979 [32m INFO[0;39m [33m[zipkin-server-stream,,,][0;39m 144888 --- [main] o.s.i.monitor.IntegrationMBeanExporter   : Located managed bean 'org.springframework.integration:type=MessageChannel,name=sleuth': registering with JMX server as MBean [org.springframework.integration:type=MessageChannel,name=sleuth]
2017-09-24 16:30:36.009 [32m INFO[0;39m [33m[zipkin-server-stream,,,][0;39m 144888 --- [main] o.s.i.monitor.IntegrationMBeanExporter   : Registering MessageChannel nullChannel
2017-09-24 16:30:36.010 [32m INFO[0;39m [33m[zipkin-server-stream,,,][0;39m 144888 --- [main] o.s.i.monitor.IntegrationMBeanExporter   : Located managed bean 'org.springframework.integration:type=MessageChannel,name=nullChannel': registering with JMX server as MBean [org.springframework.integration:type=MessageChannel,name=nullChannel]
2017-09-24 16:30:36.068 [32m INFO[0;39m [33m[zipkin-server-stream,,,][0;39m 144888 --- [main] o.s.i.monitor.IntegrationMBeanExporter   : Registering MessageChannel errorChannel
2017-09-24 16:30:36.070 [32m INFO[0;39m [33m[zipkin-server-stream,,,][0;39m 144888 --- [main] o.s.i.monitor.IntegrationMBeanExporter   : Located managed bean 'org.springframework.integration:type=MessageChannel,name=errorChannel': registering with JMX server as MBean [org.springframework.integration:type=MessageChannel,name=errorChannel]
2017-09-24 16:30:36.092 [32m INFO[0;39m [33m[zipkin-server-stream,,,][0;39m 144888 --- [main] o.s.i.monitor.IntegrationMBeanExporter   : Located managed bean 'org.springframework.integration:type=MessageHandler,name=errorLogger,bean=internal': registering with JMX server as MBean [org.springframework.integration:type=MessageHandler,name=errorLogger,bean=internal]
2017-09-24 16:30:36.116 [32m INFO[0;39m [33m[zipkin-server-stream,,,][0;39m 144888 --- [main] o.s.i.monitor.IntegrationMBeanExporter   : Located managed bean 'org.springframework.integration:type=MessageHandler,name=org.springframework.cloud.sleuth.zipkin.stream.ZipkinMessageListener.sink.serviceActivator,bean=endpoint': registering with JMX server as MBean [org.springframework.integration:type=MessageHandler,name=org.springframework.cloud.sleuth.zipkin.stream.ZipkinMessageListener.sink.serviceActivator,bean=endpoint]
2017-09-24 16:30:36.136 [32m INFO[0;39m [33m[zipkin-server-stream,,,][0;39m 144888 --- [main] o.s.c.support.DefaultLifecycleProcessor  : Starting beans in phase -2147483648
2017-09-24 16:30:36.136 [32m INFO[0;39m [33m[zipkin-server-stream,,,][0;39m 144888 --- [main] o.s.i.endpoint.EventDrivenConsumer       : Adding {service-activator:org.springframework.cloud.sleuth.zipkin.stream.ZipkinMessageListener.sink.serviceActivator} as a subscriber to the 'sleuth' channel
2017-09-24 16:30:36.136 [32m INFO[0;39m [33m[zipkin-server-stream,,,][0;39m 144888 --- [main] o.s.integration.channel.DirectChannel    : Channel 'zipkin-server-stream:9411.sleuth' has 1 subscriber(s).
2017-09-24 16:30:36.136 [32m INFO[0;39m [33m[zipkin-server-stream,,,][0;39m 144888 --- [main] o.s.i.endpoint.EventDrivenConsumer       : started org.springframework.cloud.sleuth.zipkin.stream.ZipkinMessageListener.sink.serviceActivator
2017-09-24 16:30:36.136 [32m INFO[0;39m [33m[zipkin-server-stream,,,][0;39m 144888 --- [main] o.s.c.support.DefaultLifecycleProcessor  : Starting beans in phase -2147482648
2017-09-24 16:30:36.138 [32m INFO[0;39m [33m[zipkin-server-stream,,,][0;39m 144888 --- [main] o.s.c.support.DefaultLifecycleProcessor  : Starting beans in phase -2147483648
2017-09-24 16:30:36.138 [32m INFO[0;39m [33m[zipkin-server-stream,,,][0;39m 144888 --- [main] o.s.c.support.DefaultLifecycleProcessor  : Starting beans in phase -2147482648
2017-09-24 16:30:36.138 [32m INFO[0;39m [33m[zipkin-server-stream,,,][0;39m 144888 --- [main] o.s.c.support.DefaultLifecycleProcessor  : Starting beans in phase 0
2017-09-24 16:30:36.178 [32m INFO[0;39m [33m[zipkin-server-stream,,,][0;39m 144888 --- [main] o.s.i.endpoint.EventDrivenConsumer       : Adding {logging-channel-adapter:_org.springframework.integration.errorLogger} as a subscriber to the 'errorChannel' channel
2017-09-24 16:30:36.179 [32m INFO[0;39m [33m[zipkin-server-stream,,,][0;39m 144888 --- [main] o.s.i.channel.PublishSubscribeChannel    : Channel 'zipkin-server-stream:9411.errorChannel' has 1 subscriber(s).
2017-09-24 16:30:36.179 [32m INFO[0;39m [33m[zipkin-server-stream,,,][0;39m 144888 --- [main] o.s.i.endpoint.EventDrivenConsumer       : started _org.springframework.integration.errorLogger
2017-09-24 16:30:36.179 [32m INFO[0;39m [33m[zipkin-server-stream,,,][0;39m 144888 --- [main] o.s.c.support.DefaultLifecycleProcessor  : Starting beans in phase 2147482647
2017-09-24 16:30:36.259 [32m INFO[0;39m [33m[zipkin-server-stream,,,][0;39m 144888 --- [main] c.spring.ZipkinServerStreamApplication   : No active profile set, falling back to default profiles: default
2017-09-24 16:30:36.262 [32m INFO[0;39m [33m[zipkin-server-stream,,,][0;39m 144888 --- [main] s.c.a.AnnotationConfigApplicationContext : Refreshing org.springframework.context.annotation.AnnotationConfigApplicationContext@1884e671: startup date [Sun Sep 24 16:30:36 CST 2017]; parent: org.springframework.boot.context.embedded.AnnotationConfigEmbeddedWebApplicationContext@15761df8
2017-09-24 16:30:36.333 [32m INFO[0;39m [33m[zipkin-server-stream,,,][0;39m 144888 --- [main] o.s.c.support.GenericApplicationContext  : Refreshing org.springframework.context.support.GenericApplicationContext@fde487b: startup date [Sun Sep 24 16:30:36 CST 2017]; root of context hierarchy
2017-09-24 16:30:36.356 [32m INFO[0;39m [33m[zipkin-server-stream,,,][0;39m 144888 --- [main] c.spring.ZipkinServerStreamApplication   : Started ZipkinServerStreamApplication in 0.136 seconds (JVM running for 10.217)
2017-09-24 16:30:36.368 [32m INFO[0;39m [33m[zipkin-server-stream,,,][0;39m 144888 --- [main] o.s.c.s.b.r.RabbitMessageChannelBinder   : declaring queue for inbound: sleuth.sleuth, bound to: sleuth
2017-09-24 16:30:36.479 [32m INFO[0;39m [33m[zipkin-server-stream,,,][0;39m 144888 --- [main] o.s.a.r.c.CachingConnectionFactory       : Created new connection: SimpleConnection@77eb607e [delegate=amqp://springcloud@127.0.0.1:5672/]
2017-09-24 16:30:38.283 [32m INFO[0;39m [33m[zipkin-server-stream,,,][0;39m 144888 --- [main] o.s.integration.channel.DirectChannel    : Channel 'sleuth.sleuth.bridge' has 1 subscriber(s).
2017-09-24 16:30:38.326 [32m INFO[0;39m [33m[zipkin-server-stream,,,][0;39m 144888 --- [main] o.s.i.a.i.AmqpInboundChannelAdapter      : started inbound.sleuth.sleuth
2017-09-24 16:30:38.326 [32m INFO[0;39m [33m[zipkin-server-stream,,,][0;39m 144888 --- [main] o.s.c.support.DefaultLifecycleProcessor  : Starting beans in phase 2147483647
2017-09-24 16:30:38.327 [32m INFO[0;39m [33m[zipkin-server-stream,,,][0;39m 144888 --- [main] o.s.c.support.DefaultLifecycleProcessor  : Starting beans in phase 0
2017-09-24 16:30:38.327 [32m INFO[0;39m [33m[zipkin-server-stream,,,][0;39m 144888 --- [main] o.s.c.support.DefaultLifecycleProcessor  : Starting beans in phase 2147482647
2017-09-24 16:30:38.327 [32m INFO[0;39m [33m[zipkin-server-stream,,,][0;39m 144888 --- [main] o.s.c.support.DefaultLifecycleProcessor  : Starting beans in phase 2147483647
2017-09-24 16:30:38.496 [32m INFO[0;39m [33m[zipkin-server-stream,,,][0;39m 144888 --- [main] s.b.c.e.t.TomcatEmbeddedServletContainer : Tomcat started on port(s): 9411 (http)
2017-09-24 16:30:38.500 [32m INFO[0;39m [33m[zipkin-server-stream,,,][0;39m 144888 --- [main] c.spring.ZipkinServerStreamApplication   : Started ZipkinServerStreamApplication in 11.797 seconds (JVM running for 12.361)
2017-09-24 16:30:44.042 [32m INFO[0;39m [33m[zipkin-server-stream,,,][0;39m 144888 --- [http-nio-9411-exec-1] o.a.c.c.C.[Tomcat].[localhost].[/]       : Initializing Spring FrameworkServlet 'dispatcherServlet'
2017-09-24 16:30:44.042 [32m INFO[0;39m [33m[zipkin-server-stream,,,][0;39m 144888 --- [http-nio-9411-exec-1] o.s.web.servlet.DispatcherServlet        : FrameworkServlet 'dispatcherServlet': initialization started
2017-09-24 16:30:44.080 [32m INFO[0;39m [33m[zipkin-server-stream,,,][0;39m 144888 --- [http-nio-9411-exec-1] o.s.web.servlet.DispatcherServlet        : FrameworkServlet 'dispatcherServlet': initialization completed in 38 ms
2017-09-24 16:30:44.177 [33m WARN[0;39m [33m[zipkin-server-stream,,,][0;39m 144888 --- [http-nio-9411-exec-1] o.s.cloud.sleuth.util.ExceptionUtils     : Tried to close span but it is not the current span: [Trace: f4092c8df2fb3946, Span: f4092c8df2fb3946, Parent: null, exportable:false].  You may have forgotten to close or detach [Trace: f4092c8df2fb3946, Span: 3c990a61ed6eb037, Parent: f4092c8df2fb3946, exportable:false]
2017-09-24 16:36:12.641 [33m WARN[0;39m [33m[zipkin-server-stream,,,][0;39m 144888 --- [sleuth.sleuth-1] o.s.c.s.i.m.MessagingSpanExtractor       : Deprecated trace headers detected. Please upgrade Sleuth to 1.1 or start sending headers present in the TraceMessageHeaders class
2017-09-24 16:36:12.742 [33m WARN[0;39m [33m[zipkin-server-stream,,,][0;39m 144888 --- [sleuth.sleuth-1] o.s.c.s.i.m.MessagingSpanExtractor       : Deprecated trace headers detected. Please upgrade Sleuth to 1.1 or start sending headers present in the TraceMessageHeaders class
2017-09-24 16:36:25.500 [33m WARN[0;39m [33m[zipkin-server-stream,,,][0;39m 144888 --- [http-nio-9411-exec-3] o.s.cloud.sleuth.util.ExceptionUtils     : Tried to close span but it is not the current span: [Trace: b01749f5fbaec3b0, Span: b01749f5fbaec3b0, Parent: null, exportable:false].  You may have forgotten to close or detach [Trace: b01749f5fbaec3b0, Span: b0c692d55f02f8d3, Parent: b01749f5fbaec3b0, exportable:false]
2017-09-24 16:36:30.919 [33m WARN[0;39m [33m[zipkin-server-stream,,,][0;39m 144888 --- [http-nio-9411-exec-9] o.s.cloud.sleuth.util.ExceptionUtils     : Tried to close span but it is not the current span: [Trace: 2d872d60f5c9c03, Span: 2d872d60f5c9c03, Parent: null, exportable:false].  You may have forgotten to close or detach [Trace: 2d872d60f5c9c03, Span: a6022c43bfacd5c2, Parent: 2d872d60f5c9c03, exportable:false]
2017-09-24 16:36:33.273 [33m WARN[0;39m [33m[zipkin-server-stream,,,][0;39m 144888 --- [http-nio-9411-exec-4] o.s.cloud.sleuth.util.ExceptionUtils     : Tried to close span but it is not the current span: [Trace: d7b15e3a6ec1ec43, Span: d7b15e3a6ec1ec43, Parent: null, exportable:false].  You may have forgotten to close or detach [Trace: d7b15e3a6ec1ec43, Span: 92786afb26b7f934, Parent: d7b15e3a6ec1ec43, exportable:false]
